<?xml version="1.0" encoding="UTF-8"?>
<testsuite name="SimpleBankSystemTest" tests="1" skipped="0" failures="1" errors="0" timestamp="2022-06-01T20:23:43" hostname="DESKTOP-G0U1AUR" time="1.617">
  <properties/>
  <testcase name="start" classname="SimpleBankSystemTest" time="1.617">
    <failure message="java.lang.AssertionError: Wrong answer in test #10&#10;&#10;After choosing 'Exit' item you should stop your program and close database connection!&#10;&#10;Please find below the output of your program during this failed test.&#10;Note that the '&gt;' character indicates the beginning of the input line.&#10;&#10;---&#10;&#10;Arguments for Main: -fileName card.s3db&#10;Arguments for Main: -fileName card.s3db&#10;&#10;stdout:&#10;1. Create an account&#10;2. Log into account&#10;0. Exit&#10;&#10;&gt; 1&#10;400000954062034&#10;Your card has been created&#10;Your card number: &#10;4000009540620344&#10;Your card PIN: &#10;4709&#10;&#10;1. Create an account&#10;2. Log into account&#10;0. Exit&#10;&#10;&gt; 2&#10;Enter your card number: &#10;&gt; 4000009540620344&#10;Enter your PIN code: &#10;&gt; 4709&#10;&#10;You have successfully logged in!&#10;&#10;1. Balance&#10;2. Add income&#10;3. Do transfer&#10;4. Close account&#10;5. Log out&#10;0. Exit&#10;&#10;&gt; 2&#10;Enter income: &#10;&gt; 10000&#10;Income was added!&#10;&gt; 0&#10;&#10;Bye!&#10;1. Create an account&#10;2. Log into account&#10;0. Exit&#10;&#10;&gt; 2&#10;Enter your card number: &#10;&gt; 4000009540620344&#10;Enter your PIN code: &#10;&gt; 4709&#10;&gt; 2&#10;Enter your card number: &#10;&gt; 15000&#10;Enter your PIN code: &#10;&gt; 0&#10;&#10;stderr:&#10;org.sqlite.SQLiteException: [SQLITE_ERROR] SQL error or missing database (table card already exists)&#10;&#9;at org.sqlite.core.DB.newSQLException(DB.java:1012)&#10;&#9;at org.sqlite.core.DB.newSQLException(DB.java:1024)&#10;&#9;at org.sqlite.core.DB.throwex(DB.java:989)&#10;&#9;at org.sqlite.core.NativeDB.prepare_utf8(Native Method)&#10;&#9;at org.sqlite.core.NativeDB.prepare(NativeDB.java:134)&#10;&#9;at org.sqlite.core.DB.prepare(DB.java:257)&#10;&#9;at org.sqlite.jdbc3.JDBC3Statement.executeQuery(JDBC3Statement.java:66)&#10;&#9;at banking.CustomerAccountDatabase.sendQueryToSQLiteDatabase(CustomerAccountDatabase.java:35)&#10;&#9;at banking.CustomerAccountDatabase.initSQLiteDatabase(CustomerAccountDatabase.java:46)&#10;&#9;at banking.CustomerAccountDatabase.&lt;init&gt;(CustomerAccountDatabase.java:25)&#10;&#9;at banking.BankingSystemMenu.&lt;init&gt;(BankingSystemMenu.java:19)&#10;&#9;at banking.Main.main(Main.java:7)&#10;&#9;at java.base/jdk.internal.reflect.NativeMethodAccessorImpl.invoke0(Native Method)&#10;&#9;at java.base/jdk.internal.reflect.NativeMethodAccessorImpl.invoke(NativeMethodAccessorImpl.java:77)&#10;&#9;at java.base/jdk.internal.reflect.DelegatingMethodAccessorImpl.invoke(DelegatingMethodAccessorImpl.java:43)&#10;&#9;at java.base/java.lang.reflect.Method.invoke(Method.java:568)&#10;&#9;at org.hyperskill.hstest.testing.execution.MainMethodExecutor.invokeMain(MainMethodExecutor.java:172)&#10;&#9;at org.hyperskill.hstest.testing.execution.MainMethodExecutor.lambda$launch$0(MainMethodExecutor.java:199)&#10;&#9;at java.base/java.util.concurrent.Executors$RunnableAdapter.call(Executors.java:539)&#10;&#9;at java.base/java.util.concurrent.FutureTask.run(FutureTask.java:264)&#10;&#9;at java.base/java.util.concurrent.ThreadPoolExecutor.runWorker(ThreadPoolExecutor.java:1136)&#10;&#9;at java.base/java.util.concurrent.ThreadPoolExecutor$Worker.run(ThreadPoolExecutor.java:635)&#10;&#9;at java.base/java.lang.Thread.run(Thread.java:833)&#10;org.sqlite.SQLiteException: [SQLITE_ERROR] SQL error or missing database (no such table: cards)&#10;&#9;at org.sqlite.core.DB.newSQLException(DB.java:1012)&#10;&#9;at org.sqlite.core.DB.newSQLException(DB.java:1024)&#10;&#9;at org.sqlite.core.DB.throwex(DB.java:989)&#10;&#9;at org.sqlite.core.NativeDB.prepare_utf8(Native Method)&#10;&#9;at org.sqlite.core.NativeDB.prepare(NativeDB.java:134)&#10;&#9;at org.sqlite.core.DB.prepare(DB.java:257)&#10;&#9;at org.sqlite.jdbc3.JDBC3Statement.executeQuery(JDBC3Statement.java:66)&#10;&#9;at banking.CustomerAccountDatabase.sendQueryToSQLiteDatabase(CustomerAccountDatabase.java:35)&#10;&#9;at banking.CustomerAccountDatabase.loadCustomerAccountList(CustomerAccountDatabase.java:51)&#10;&#9;at banking.CustomerAccountDatabase.&lt;init&gt;(CustomerAccountDatabase.java:26)&#10;&#9;at banking.BankingSystemMenu.&lt;init&gt;(BankingSystemMenu.java:19)&#10;&#9;at banking.Main.main(Main.java:7)&#10;&#9;at java.base/jdk.internal.reflect.NativeMethodAccessorImpl.invoke0(Native Method)&#10;&#9;at java.base/jdk.internal.reflect.NativeMethodAccessorImpl.invoke(NativeMethodAccessorImpl.java:77)&#10;&#9;at java.base/jdk.internal.reflect.DelegatingMethodAccessorImpl.invoke(DelegatingMethodAccessorImpl.java:43)&#10;&#9;at java.base/java.lang.reflect.Method.invoke(Method.java:568)&#10;&#9;at org.hyperskill.hstest.testing.execution.MainMethodExecutor.invokeMain(MainMethodExecutor.java:172)&#10;&#9;at org.hyperskill.hstest.testing.execution.MainMethodExecutor.lambda$launch$0(MainMethodExecutor.java:199)&#10;&#9;at java.base/java.util.concurrent.Executors$RunnableAdapter.call(Executors.java:539)&#10;&#9;at java.base/java.util.concurrent.FutureTask.run(FutureTask.java:264)&#10;&#9;at java.base/java.util.concurrent.ThreadPoolExecutor.runWorker(ThreadPoolExecutor.java:1136)&#10;&#9;at java.base/java.util.concurrent.ThreadPoolExecutor$Worker.run(ThreadPoolExecutor.java:635)&#10;&#9;at java.base/java.lang.Thread.run(Thread.java:833)&#10;java.sql.SQLException: query does not return ResultSet&#10;&#9;at org.sqlite.jdbc3.JDBC3Statement.executeQuery(JDBC3Statement.java:70)&#10;&#9;at banking.CustomerAccountDatabase.sendQueryToSQLiteDatabase(CustomerAccountDatabase.java:35)&#10;&#9;at banking.CustomerAccountDatabase.addNewCustomerAccount(CustomerAccountDatabase.java:83)&#10;&#9;at banking.BankingSystemMenu.createAccount(BankingSystemMenu.java:60)&#10;&#9;at banking.BankingSystemMenu.runUserOption(BankingSystemMenu.java:38)&#10;&#9;at banking.BankingSystemMenu.printMainMenu(BankingSystemMenu.java:28)&#10;&#9;at banking.BankingSystemMenu.&lt;init&gt;(BankingSystemMenu.java:20)&#10;&#9;at banking.Main.main(Main.java:7)&#10;&#9;at java.base/jdk.internal.reflect.NativeMethodAccessorImpl.invoke0(Native Method)&#10;&#9;at java.base/jdk.internal.reflect.NativeMethodAccessorImpl.invoke(NativeMethodAccessorImpl.java:77)&#10;&#9;at java.base/jdk.internal.reflect.DelegatingMethodAccessorImpl.invoke(DelegatingMethodAccessorImpl.java:43)&#10;&#9;at java.base/java.lang.reflect.Method.invoke(Method.java:568)&#10;&#9;at org.hyperskill.hstest.testing.execution.MainMethodExecutor.invokeMain(MainMethodExecutor.java:172)&#10;&#9;at org.hyperskill.hstest.testing.execution.MainMethodExecutor.lambda$launch$0(MainMethodExecutor.java:199)&#10;&#9;at java.base/java.util.concurrent.Executors$RunnableAdapter.call(Executors.java:539)&#10;&#9;at java.base/java.util.concurrent.FutureTask.run(FutureTask.java:264)&#10;&#9;at java.base/java.util.concurrent.ThreadPoolExecutor.runWorker(ThreadPoolExecutor.java:1136)&#10;&#9;at java.base/java.util.concurrent.ThreadPoolExecutor$Worker.run(ThreadPoolExecutor.java:635)&#10;&#9;at java.base/java.lang.Thread.run(Thread.java:833)&#10;java.sql.SQLException: query does not return ResultSet&#10;&#9;at org.sqlite.jdbc3.JDBC3Statement.executeQuery(JDBC3Statement.java:70)&#10;&#9;at banking.CustomerAccountDatabase.sendQueryToSQLiteDatabase(CustomerAccountDatabase.java:35)&#10;&#9;at banking.CustomerAccountDatabase.addIncomeToCustomerAccountBalance(CustomerAccountDatabase.java:116)&#10;&#9;at banking.CustomerAccountMenu.addIncome(CustomerAccountMenu.java:76)&#10;&#9;at banking.CustomerAccountMenu.runUserOption(CustomerAccountMenu.java:44)&#10;&#9;at banking.CustomerAccountMenu.runUserAccount(CustomerAccountMenu.java:22)&#10;&#9;at banking.CustomerAccountDatabase.loginCustomerAccount(CustomerAccountDatabase.java:100)&#10;&#9;at banking.BankingSystemMenu.logIntoAccount(BankingSystemMenu.java:77)&#10;&#9;at banking.BankingSystemMenu.runUserOption(BankingSystemMenu.java:41)&#10;&#9;at banking.BankingSystemMenu.printMainMenu(BankingSystemMenu.java:28)&#10;&#9;at banking.BankingSystemMenu.createAccount(BankingSystemMenu.java:68)&#10;&#9;at banking.BankingSystemMenu.runUserOption(BankingSystemMenu.java:38)&#10;&#9;at banking.BankingSystemMenu.printMainMenu(BankingSystemMenu.java:28)&#10;&#9;at banking.BankingSystemMenu.&lt;init&gt;(BankingSystemMenu.java:20)&#10;&#9;at banking.Main.main(Main.java:7)&#10;&#9;at java.base/jdk.internal.reflect.NativeMethodAccessorImpl.invoke0(Native Method)&#10;&#9;at java.base/jdk.internal.reflect.NativeMethodAccessorImpl.invoke(NativeMethodAccessorImpl.java:77)&#10;&#9;at java.base/jdk.internal.reflect.DelegatingMethodAccessorImpl.invoke(DelegatingMethodAccessorImpl.java:43)&#10;&#9;at java.base/java.lang.reflect.Method.invoke(Method.java:568)&#10;&#9;at org.hyperskill.hstest.testing.execution.MainMethodExecutor.invokeMain(MainMethodExecutor.java:172)&#10;&#9;at org.hyperskill.hstest.testing.execution.MainMethodExecutor.lambda$launch$0(MainMethodExecutor.java:199)&#10;&#9;at java.base/java.util.concurrent.Executors$RunnableAdapter.call(Executors.java:539)&#10;&#9;at java.base/java.util.concurrent.FutureTask.run(FutureTask.java:264)&#10;&#9;at java.base/java.util.concurrent.ThreadPoolExecutor.runWorker(ThreadPoolExecutor.java:1136)&#10;&#9;at java.base/java.util.concurrent.ThreadPoolExecutor$Worker.run(ThreadPoolExecutor.java:635)&#10;&#9;at java.base/java.lang.Thread.run(Thread.java:833)&#10;org.sqlite.SQLiteException: [SQLITE_ERROR] SQL error or missing database (table card already exists)&#10;&#9;at org.sqlite.core.DB.newSQLException(DB.java:1012)&#10;&#9;at org.sqlite.core.DB.newSQLException(DB.java:1024)&#10;&#9;at org.sqlite.core.DB.throwex(DB.java:989)&#10;&#9;at org.sqlite.core.NativeDB.prepare_utf8(Native Method)&#10;&#9;at org.sqlite.core.NativeDB.prepare(NativeDB.java:134)&#10;&#9;at org.sqlite.core.DB.prepare(DB.java:257)&#10;&#9;at org.sqlite.jdbc3.JDBC3Statement.executeQuery(JDBC3Statement.java:66)&#10;&#9;at banking.CustomerAccountDatabase.sendQueryToSQLiteDatabase(CustomerAccountDatabase.java:35)&#10;&#9;at banking.CustomerAccountDatabase.initSQLiteDatabase(CustomerAccountDatabase.java:46)&#10;&#9;at banking.CustomerAccountDatabase.&lt;init&gt;(CustomerAccountDatabase.java:25)&#10;&#9;at banking.BankingSystemMenu.&lt;init&gt;(BankingSystemMenu.java:19)&#10;&#9;at banking.Main.main(Main.java:7)&#10;&#9;at java.base/jdk.internal.reflect.NativeMethodAccessorImpl.invoke0(Native Method)&#10;&#9;at java.base/jdk.internal.reflect.NativeMethodAccessorImpl.invoke(NativeMethodAccessorImpl.java:77)&#10;&#9;at java.base/jdk.internal.reflect.DelegatingMethodAccessorImpl.invoke(DelegatingMethodAccessorImpl.java:43)&#10;&#9;at java.base/java.lang.reflect.Method.invoke(Method.java:568)&#10;&#9;at org.hyperskill.hstest.testing.execution.MainMethodExecutor.invokeMain(MainMethodExecutor.java:172)&#10;&#9;at org.hyperskill.hstest.testing.execution.MainMethodExecutor.lambda$launch$0(MainMethodExecutor.java:199)&#10;&#9;at java.base/java.util.concurrent.Executors$RunnableAdapter.call(Executors.java:539)&#10;&#9;at java.base/java.util.concurrent.FutureTask.run(FutureTask.java:264)&#10;&#9;at java.base/java.util.concurrent.ThreadPoolExecutor.runWorker(ThreadPoolExecutor.java:1136)&#10;&#9;at java.base/java.util.concurrent.ThreadPoolExecutor$Worker.run(ThreadPoolExecutor.java:635)&#10;&#9;at java.base/java.lang.Thread.run(Thread.java:833)&#10;org.sqlite.SQLiteException: [SQLITE_ERROR] SQL error or missing database (no such table: cards)&#10;&#9;at org.sqlite.core.DB.newSQLException(DB.java:1012)&#10;&#9;at org.sqlite.core.DB.newSQLException(DB.java:1024)&#10;&#9;at org.sqlite.core.DB.throwex(DB.java:989)&#10;&#9;at org.sqlite.core.NativeDB.prepare_utf8(Native Method)&#10;&#9;at org.sqlite.core.NativeDB.prepare(NativeDB.java:134)&#10;&#9;at org.sqlite.core.DB.prepare(DB.java:257)&#10;&#9;at org.sqlite.jdbc3.JDBC3Statement.executeQuery(JDBC3Statement.java:66)&#10;&#9;at banking.CustomerAccountDatabase.sendQueryToSQLiteDatabase(CustomerAccountDatabase.java:35)&#10;&#9;at banking.CustomerAccountDatabase.loadCustomerAccountList(CustomerAccountDatabase.java:51)&#10;&#9;at banking.CustomerAccountDatabase.&lt;init&gt;(CustomerAccountDatabase.java:26)&#10;&#9;at banking.BankingSystemMenu.&lt;init&gt;(BankingSystemMenu.java:19)&#10;&#9;at banking.Main.main(Main.java:7)&#10;&#9;at java.base/jdk.internal.reflect.NativeMethodAccessorImpl.invoke0(Native Method)&#10;&#9;at java.base/jdk.internal.reflect.NativeMethodAccessorImpl.invoke(NativeMethodAccessorImpl.java:77)&#10;&#9;at java.base/jdk.internal.reflect.DelegatingMethodAccessorImpl.invoke(DelegatingMethodAccessorImpl.java:43)&#10;&#9;at java.base/java.lang.reflect.Method.invoke(Method.java:568)&#10;&#9;at org.hyperskill.hstest.testing.execution.MainMethodExecutor.invokeMain(MainMethodExecutor.java:172)&#10;&#9;at org.hyperskill.hstest.testing.execution.MainMethodExecutor.lambda$launch$0(MainMethodExecutor.java:199)&#10;&#9;at java.base/java.util.concurrent.Executors$RunnableAdapter.call(Executors.java:539)&#10;&#9;at java.base/java.util.concurrent.FutureTask.run(FutureTask.java:264)&#10;&#9;at java.base/java.util.concurrent.ThreadPoolExecutor.runWorker(ThreadPoolExecutor.java:1136)&#10;&#9;at java.base/java.util.concurrent.ThreadPoolExecutor$Worker.run(ThreadPoolExecutor.java:635)&#10;&#9;at java.base/java.lang.Thread.run(Thread.java:833)" type="java.lang.AssertionError">java.lang.AssertionError: Wrong answer in test #10

After choosing 'Exit' item you should stop your program and close database connection!

Please find below the output of your program during this failed test.
Note that the '&gt;' character indicates the beginning of the input line.

---

Arguments for Main: -fileName card.s3db
Arguments for Main: -fileName card.s3db

stdout:
1. Create an account
2. Log into account
0. Exit

&gt; 1
400000954062034
Your card has been created
Your card number: 
4000009540620344
Your card PIN: 
4709

1. Create an account
2. Log into account
0. Exit

&gt; 2
Enter your card number: 
&gt; 4000009540620344
Enter your PIN code: 
&gt; 4709

You have successfully logged in!

1. Balance
2. Add income
3. Do transfer
4. Close account
5. Log out
0. Exit

&gt; 2
Enter income: 
&gt; 10000
Income was added!
&gt; 0

Bye!
1. Create an account
2. Log into account
0. Exit

&gt; 2
Enter your card number: 
&gt; 4000009540620344
Enter your PIN code: 
&gt; 4709
&gt; 2
Enter your card number: 
&gt; 15000
Enter your PIN code: 
&gt; 0

stderr:
org.sqlite.SQLiteException: [SQLITE_ERROR] SQL error or missing database (table card already exists)
	at org.sqlite.core.DB.newSQLException(DB.java:1012)
	at org.sqlite.core.DB.newSQLException(DB.java:1024)
	at org.sqlite.core.DB.throwex(DB.java:989)
	at org.sqlite.core.NativeDB.prepare_utf8(Native Method)
	at org.sqlite.core.NativeDB.prepare(NativeDB.java:134)
	at org.sqlite.core.DB.prepare(DB.java:257)
	at org.sqlite.jdbc3.JDBC3Statement.executeQuery(JDBC3Statement.java:66)
	at banking.CustomerAccountDatabase.sendQueryToSQLiteDatabase(CustomerAccountDatabase.java:35)
	at banking.CustomerAccountDatabase.initSQLiteDatabase(CustomerAccountDatabase.java:46)
	at banking.CustomerAccountDatabase.&lt;init&gt;(CustomerAccountDatabase.java:25)
	at banking.BankingSystemMenu.&lt;init&gt;(BankingSystemMenu.java:19)
	at banking.Main.main(Main.java:7)
	at java.base/jdk.internal.reflect.NativeMethodAccessorImpl.invoke0(Native Method)
	at java.base/jdk.internal.reflect.NativeMethodAccessorImpl.invoke(NativeMethodAccessorImpl.java:77)
	at java.base/jdk.internal.reflect.DelegatingMethodAccessorImpl.invoke(DelegatingMethodAccessorImpl.java:43)
	at java.base/java.lang.reflect.Method.invoke(Method.java:568)
	at org.hyperskill.hstest.testing.execution.MainMethodExecutor.invokeMain(MainMethodExecutor.java:172)
	at org.hyperskill.hstest.testing.execution.MainMethodExecutor.lambda$launch$0(MainMethodExecutor.java:199)
	at java.base/java.util.concurrent.Executors$RunnableAdapter.call(Executors.java:539)
	at java.base/java.util.concurrent.FutureTask.run(FutureTask.java:264)
	at java.base/java.util.concurrent.ThreadPoolExecutor.runWorker(ThreadPoolExecutor.java:1136)
	at java.base/java.util.concurrent.ThreadPoolExecutor$Worker.run(ThreadPoolExecutor.java:635)
	at java.base/java.lang.Thread.run(Thread.java:833)
org.sqlite.SQLiteException: [SQLITE_ERROR] SQL error or missing database (no such table: cards)
	at org.sqlite.core.DB.newSQLException(DB.java:1012)
	at org.sqlite.core.DB.newSQLException(DB.java:1024)
	at org.sqlite.core.DB.throwex(DB.java:989)
	at org.sqlite.core.NativeDB.prepare_utf8(Native Method)
	at org.sqlite.core.NativeDB.prepare(NativeDB.java:134)
	at org.sqlite.core.DB.prepare(DB.java:257)
	at org.sqlite.jdbc3.JDBC3Statement.executeQuery(JDBC3Statement.java:66)
	at banking.CustomerAccountDatabase.sendQueryToSQLiteDatabase(CustomerAccountDatabase.java:35)
	at banking.CustomerAccountDatabase.loadCustomerAccountList(CustomerAccountDatabase.java:51)
	at banking.CustomerAccountDatabase.&lt;init&gt;(CustomerAccountDatabase.java:26)
	at banking.BankingSystemMenu.&lt;init&gt;(BankingSystemMenu.java:19)
	at banking.Main.main(Main.java:7)
	at java.base/jdk.internal.reflect.NativeMethodAccessorImpl.invoke0(Native Method)
	at java.base/jdk.internal.reflect.NativeMethodAccessorImpl.invoke(NativeMethodAccessorImpl.java:77)
	at java.base/jdk.internal.reflect.DelegatingMethodAccessorImpl.invoke(DelegatingMethodAccessorImpl.java:43)
	at java.base/java.lang.reflect.Method.invoke(Method.java:568)
	at org.hyperskill.hstest.testing.execution.MainMethodExecutor.invokeMain(MainMethodExecutor.java:172)
	at org.hyperskill.hstest.testing.execution.MainMethodExecutor.lambda$launch$0(MainMethodExecutor.java:199)
	at java.base/java.util.concurrent.Executors$RunnableAdapter.call(Executors.java:539)
	at java.base/java.util.concurrent.FutureTask.run(FutureTask.java:264)
	at java.base/java.util.concurrent.ThreadPoolExecutor.runWorker(ThreadPoolExecutor.java:1136)
	at java.base/java.util.concurrent.ThreadPoolExecutor$Worker.run(ThreadPoolExecutor.java:635)
	at java.base/java.lang.Thread.run(Thread.java:833)
java.sql.SQLException: query does not return ResultSet
	at org.sqlite.jdbc3.JDBC3Statement.executeQuery(JDBC3Statement.java:70)
	at banking.CustomerAccountDatabase.sendQueryToSQLiteDatabase(CustomerAccountDatabase.java:35)
	at banking.CustomerAccountDatabase.addNewCustomerAccount(CustomerAccountDatabase.java:83)
	at banking.BankingSystemMenu.createAccount(BankingSystemMenu.java:60)
	at banking.BankingSystemMenu.runUserOption(BankingSystemMenu.java:38)
	at banking.BankingSystemMenu.printMainMenu(BankingSystemMenu.java:28)
	at banking.BankingSystemMenu.&lt;init&gt;(BankingSystemMenu.java:20)
	at banking.Main.main(Main.java:7)
	at java.base/jdk.internal.reflect.NativeMethodAccessorImpl.invoke0(Native Method)
	at java.base/jdk.internal.reflect.NativeMethodAccessorImpl.invoke(NativeMethodAccessorImpl.java:77)
	at java.base/jdk.internal.reflect.DelegatingMethodAccessorImpl.invoke(DelegatingMethodAccessorImpl.java:43)
	at java.base/java.lang.reflect.Method.invoke(Method.java:568)
	at org.hyperskill.hstest.testing.execution.MainMethodExecutor.invokeMain(MainMethodExecutor.java:172)
	at org.hyperskill.hstest.testing.execution.MainMethodExecutor.lambda$launch$0(MainMethodExecutor.java:199)
	at java.base/java.util.concurrent.Executors$RunnableAdapter.call(Executors.java:539)
	at java.base/java.util.concurrent.FutureTask.run(FutureTask.java:264)
	at java.base/java.util.concurrent.ThreadPoolExecutor.runWorker(ThreadPoolExecutor.java:1136)
	at java.base/java.util.concurrent.ThreadPoolExecutor$Worker.run(ThreadPoolExecutor.java:635)
	at java.base/java.lang.Thread.run(Thread.java:833)
java.sql.SQLException: query does not return ResultSet
	at org.sqlite.jdbc3.JDBC3Statement.executeQuery(JDBC3Statement.java:70)
	at banking.CustomerAccountDatabase.sendQueryToSQLiteDatabase(CustomerAccountDatabase.java:35)
	at banking.CustomerAccountDatabase.addIncomeToCustomerAccountBalance(CustomerAccountDatabase.java:116)
	at banking.CustomerAccountMenu.addIncome(CustomerAccountMenu.java:76)
	at banking.CustomerAccountMenu.runUserOption(CustomerAccountMenu.java:44)
	at banking.CustomerAccountMenu.runUserAccount(CustomerAccountMenu.java:22)
	at banking.CustomerAccountDatabase.loginCustomerAccount(CustomerAccountDatabase.java:100)
	at banking.BankingSystemMenu.logIntoAccount(BankingSystemMenu.java:77)
	at banking.BankingSystemMenu.runUserOption(BankingSystemMenu.java:41)
	at banking.BankingSystemMenu.printMainMenu(BankingSystemMenu.java:28)
	at banking.BankingSystemMenu.createAccount(BankingSystemMenu.java:68)
	at banking.BankingSystemMenu.runUserOption(BankingSystemMenu.java:38)
	at banking.BankingSystemMenu.printMainMenu(BankingSystemMenu.java:28)
	at banking.BankingSystemMenu.&lt;init&gt;(BankingSystemMenu.java:20)
	at banking.Main.main(Main.java:7)
	at java.base/jdk.internal.reflect.NativeMethodAccessorImpl.invoke0(Native Method)
	at java.base/jdk.internal.reflect.NativeMethodAccessorImpl.invoke(NativeMethodAccessorImpl.java:77)
	at java.base/jdk.internal.reflect.DelegatingMethodAccessorImpl.invoke(DelegatingMethodAccessorImpl.java:43)
	at java.base/java.lang.reflect.Method.invoke(Method.java:568)
	at org.hyperskill.hstest.testing.execution.MainMethodExecutor.invokeMain(MainMethodExecutor.java:172)
	at org.hyperskill.hstest.testing.execution.MainMethodExecutor.lambda$launch$0(MainMethodExecutor.java:199)
	at java.base/java.util.concurrent.Executors$RunnableAdapter.call(Executors.java:539)
	at java.base/java.util.concurrent.FutureTask.run(FutureTask.java:264)
	at java.base/java.util.concurrent.ThreadPoolExecutor.runWorker(ThreadPoolExecutor.java:1136)
	at java.base/java.util.concurrent.ThreadPoolExecutor$Worker.run(ThreadPoolExecutor.java:635)
	at java.base/java.lang.Thread.run(Thread.java:833)
org.sqlite.SQLiteException: [SQLITE_ERROR] SQL error or missing database (table card already exists)
	at org.sqlite.core.DB.newSQLException(DB.java:1012)
	at org.sqlite.core.DB.newSQLException(DB.java:1024)
	at org.sqlite.core.DB.throwex(DB.java:989)
	at org.sqlite.core.NativeDB.prepare_utf8(Native Method)
	at org.sqlite.core.NativeDB.prepare(NativeDB.java:134)
	at org.sqlite.core.DB.prepare(DB.java:257)
	at org.sqlite.jdbc3.JDBC3Statement.executeQuery(JDBC3Statement.java:66)
	at banking.CustomerAccountDatabase.sendQueryToSQLiteDatabase(CustomerAccountDatabase.java:35)
	at banking.CustomerAccountDatabase.initSQLiteDatabase(CustomerAccountDatabase.java:46)
	at banking.CustomerAccountDatabase.&lt;init&gt;(CustomerAccountDatabase.java:25)
	at banking.BankingSystemMenu.&lt;init&gt;(BankingSystemMenu.java:19)
	at banking.Main.main(Main.java:7)
	at java.base/jdk.internal.reflect.NativeMethodAccessorImpl.invoke0(Native Method)
	at java.base/jdk.internal.reflect.NativeMethodAccessorImpl.invoke(NativeMethodAccessorImpl.java:77)
	at java.base/jdk.internal.reflect.DelegatingMethodAccessorImpl.invoke(DelegatingMethodAccessorImpl.java:43)
	at java.base/java.lang.reflect.Method.invoke(Method.java:568)
	at org.hyperskill.hstest.testing.execution.MainMethodExecutor.invokeMain(MainMethodExecutor.java:172)
	at org.hyperskill.hstest.testing.execution.MainMethodExecutor.lambda$launch$0(MainMethodExecutor.java:199)
	at java.base/java.util.concurrent.Executors$RunnableAdapter.call(Executors.java:539)
	at java.base/java.util.concurrent.FutureTask.run(FutureTask.java:264)
	at java.base/java.util.concurrent.ThreadPoolExecutor.runWorker(ThreadPoolExecutor.java:1136)
	at java.base/java.util.concurrent.ThreadPoolExecutor$Worker.run(ThreadPoolExecutor.java:635)
	at java.base/java.lang.Thread.run(Thread.java:833)
org.sqlite.SQLiteException: [SQLITE_ERROR] SQL error or missing database (no such table: cards)
	at org.sqlite.core.DB.newSQLException(DB.java:1012)
	at org.sqlite.core.DB.newSQLException(DB.java:1024)
	at org.sqlite.core.DB.throwex(DB.java:989)
	at org.sqlite.core.NativeDB.prepare_utf8(Native Method)
	at org.sqlite.core.NativeDB.prepare(NativeDB.java:134)
	at org.sqlite.core.DB.prepare(DB.java:257)
	at org.sqlite.jdbc3.JDBC3Statement.executeQuery(JDBC3Statement.java:66)
	at banking.CustomerAccountDatabase.sendQueryToSQLiteDatabase(CustomerAccountDatabase.java:35)
	at banking.CustomerAccountDatabase.loadCustomerAccountList(CustomerAccountDatabase.java:51)
	at banking.CustomerAccountDatabase.&lt;init&gt;(CustomerAccountDatabase.java:26)
	at banking.BankingSystemMenu.&lt;init&gt;(BankingSystemMenu.java:19)
	at banking.Main.main(Main.java:7)
	at java.base/jdk.internal.reflect.NativeMethodAccessorImpl.invoke0(Native Method)
	at java.base/jdk.internal.reflect.NativeMethodAccessorImpl.invoke(NativeMethodAccessorImpl.java:77)
	at java.base/jdk.internal.reflect.DelegatingMethodAccessorImpl.invoke(DelegatingMethodAccessorImpl.java:43)
	at java.base/java.lang.reflect.Method.invoke(Method.java:568)
	at org.hyperskill.hstest.testing.execution.MainMethodExecutor.invokeMain(MainMethodExecutor.java:172)
	at org.hyperskill.hstest.testing.execution.MainMethodExecutor.lambda$launch$0(MainMethodExecutor.java:199)
	at java.base/java.util.concurrent.Executors$RunnableAdapter.call(Executors.java:539)
	at java.base/java.util.concurrent.FutureTask.run(FutureTask.java:264)
	at java.base/java.util.concurrent.ThreadPoolExecutor.runWorker(ThreadPoolExecutor.java:1136)
	at java.base/java.util.concurrent.ThreadPoolExecutor$Worker.run(ThreadPoolExecutor.java:635)
	at java.base/java.lang.Thread.run(Thread.java:833)
	at org.junit.Assert.fail(Assert.java:88)
	at org.hyperskill.hstest.stage.StageTest.start(StageTest.java:155)
	at java.base/jdk.internal.reflect.NativeMethodAccessorImpl.invoke0(Native Method)
	at java.base/jdk.internal.reflect.NativeMethodAccessorImpl.invoke(NativeMethodAccessorImpl.java:77)
	at java.base/jdk.internal.reflect.DelegatingMethodAccessorImpl.invoke(DelegatingMethodAccessorImpl.java:43)
	at java.base/java.lang.reflect.Method.invoke(Method.java:568)
	at org.junit.runners.model.FrameworkMethod$1.runReflectiveCall(FrameworkMethod.java:50)
	at org.junit.internal.runners.model.ReflectiveCallable.run(ReflectiveCallable.java:12)
	at org.junit.runners.model.FrameworkMethod.invokeExplosively(FrameworkMethod.java:47)
	at org.junit.internal.runners.statements.InvokeMethod.evaluate(InvokeMethod.java:17)
	at org.junit.runners.ParentRunner.runLeaf(ParentRunner.java:325)
	at org.junit.runners.BlockJUnit4ClassRunner.runChild(BlockJUnit4ClassRunner.java:78)
	at org.junit.runners.BlockJUnit4ClassRunner.runChild(BlockJUnit4ClassRunner.java:57)
	at org.junit.runners.ParentRunner$3.run(ParentRunner.java:290)
	at org.junit.runners.ParentRunner$1.schedule(ParentRunner.java:71)
	at org.junit.runners.ParentRunner.runChildren(ParentRunner.java:288)
	at org.junit.runners.ParentRunner.access$000(ParentRunner.java:58)
	at org.junit.runners.ParentRunner$2.evaluate(ParentRunner.java:268)
	at org.junit.runners.ParentRunner.run(ParentRunner.java:363)
	at org.gradle.api.internal.tasks.testing.junit.JUnitTestClassExecutor.runTestClass(JUnitTestClassExecutor.java:110)
	at org.gradle.api.internal.tasks.testing.junit.JUnitTestClassExecutor.execute(JUnitTestClassExecutor.java:58)
	at org.gradle.api.internal.tasks.testing.junit.JUnitTestClassExecutor.execute(JUnitTestClassExecutor.java:38)
	at org.gradle.api.internal.tasks.testing.junit.AbstractJUnitTestClassProcessor.processTestClass(AbstractJUnitTestClassProcessor.java:62)
	at org.gradle.api.internal.tasks.testing.SuiteTestClassProcessor.processTestClass(SuiteTestClassProcessor.java:51)
	at java.base/jdk.internal.reflect.NativeMethodAccessorImpl.invoke0(Native Method)
	at java.base/jdk.internal.reflect.NativeMethodAccessorImpl.invoke(NativeMethodAccessorImpl.java:77)
	at java.base/jdk.internal.reflect.DelegatingMethodAccessorImpl.invoke(DelegatingMethodAccessorImpl.java:43)
	at java.base/java.lang.reflect.Method.invoke(Method.java:568)
	at org.gradle.internal.dispatch.ReflectionDispatch.dispatch(ReflectionDispatch.java:36)
	at org.gradle.internal.dispatch.ReflectionDispatch.dispatch(ReflectionDispatch.java:24)
	at org.gradle.internal.dispatch.ContextClassLoaderDispatch.dispatch(ContextClassLoaderDispatch.java:33)
	at org.gradle.internal.dispatch.ProxyDispatchAdapter$DispatchingInvocationHandler.invoke(ProxyDispatchAdapter.java:94)
	at jdk.proxy1/jdk.proxy1.$Proxy2.processTestClass(Unknown Source)
	at org.gradle.api.internal.tasks.testing.worker.TestWorker$2.run(TestWorker.java:176)
	at org.gradle.api.internal.tasks.testing.worker.TestWorker.executeAndMaintainThreadName(TestWorker.java:129)
	at org.gradle.api.internal.tasks.testing.worker.TestWorker.execute(TestWorker.java:100)
	at org.gradle.api.internal.tasks.testing.worker.TestWorker.execute(TestWorker.java:60)
	at org.gradle.process.internal.worker.child.ActionExecutionWorker.execute(ActionExecutionWorker.java:56)
	at org.gradle.process.internal.worker.child.SystemApplicationClassLoaderWorker.call(SystemApplicationClassLoaderWorker.java:133)
	at org.gradle.process.internal.worker.child.SystemApplicationClassLoaderWorker.call(SystemApplicationClassLoaderWorker.java:71)
	at worker.org.gradle.process.internal.worker.GradleWorkerMain.run(GradleWorkerMain.java:69)
	at worker.org.gradle.process.internal.worker.GradleWorkerMain.main(GradleWorkerMain.java:74)
</failure>
  </testcase>
  <system-out><![CDATA[?[1;31m
Start test 1?[0m
1. Create an account
2. Log into account
0. Exit

> 0

Bye!
?[1;31m
Start test 2?[0m
1. Create an account
2. Log into account
0. Exit

> 0

Bye!
?[1;31m
Start test 3?[0m
1. Create an account
2. Log into account
0. Exit

> 0

Bye!
?[1;31m
Start test 4?[0m
1. Create an account
2. Log into account
0. Exit

> 0

Bye!
?[1;31m
Start test 5?[0m
1. Create an account
2. Log into account
0. Exit

> 1
400000241887064
Your card has been created
Your card number: 
4000002418870646
Your card PIN: 
9745

1. Create an account
2. Log into account
0. Exit

> 1
400000886859822
Your card has been created
Your card number: 
4000008868598223
Your card PIN: 
6247

1. Create an account
2. Log into account
0. Exit

> 1
400000536540454
Your card has been created
Your card number: 
4000005365404541
Your card PIN: 
1273

1. Create an account
2. Log into account
0. Exit

> 1
400000626749424
Your card has been created
Your card number: 
4000006267494242
Your card PIN: 
7401

1. Create an account
2. Log into account
0. Exit

> 1
400000182330334
Your card has been created
Your card number: 
4000001823303342
Your card PIN: 
8923

1. Create an account
2. Log into account
0. Exit

> 0

Bye!
4000002418870646
4000008868598223
4000005365404541
4000006267494242
4000001823303342
?[1;31m
Start test 6?[0m
1. Create an account
2. Log into account
0. Exit

> 1
400000304473409
Your card has been created
Your card number: 
4000003044734099
Your card PIN: 
2657

1. Create an account
2. Log into account
0. Exit

> 2
Enter your card number: 
> 4000003044734099
Enter your PIN code: 
> 2657

You have successfully logged in!

1. Balance
2. Add income
3. Do transfer
4. Close account
5. Log out
0. Exit

> 0

Bye!
?[1;31m
Start test 7?[0m
1. Create an account
2. Log into account
0. Exit

> 1
400000174960780
Your card has been created
Your card number: 
4000001749607800
Your card PIN: 
2876

1. Create an account
2. Log into account
0. Exit

> 2
Enter your card number: 
> 4000001749607800
Enter your PIN code: 
> 7642
Wrong card number or PIN!
1. Create an account
2. Log into account
0. Exit

> 0

Bye!
?[1;31m
Start test 8?[0m
1. Create an account
2. Log into account
0. Exit

> 1
400000332178796
Your card has been created
Your card number: 
4000003321787968
Your card PIN: 
5974

1. Create an account
2. Log into account
0. Exit

> 2
Enter your card number: 
> 400000305474723
Enter your PIN code: 
> 5974
Wrong card number or PIN!
1. Create an account
2. Log into account
0. Exit

> 0

Bye!
?[1;31m
Start test 9?[0m
1. Create an account
2. Log into account
0. Exit

> 1
400000741405640
Your card has been created
Your card number: 
4000007414056405
Your card PIN: 
7493

1. Create an account
2. Log into account
0. Exit

> 2
Enter your card number: 
> 4000007414056405
Enter your PIN code: 
> 7493

You have successfully logged in!

1. Balance
2. Add income
3. Do transfer
4. Close account
5. Log out
0. Exit

> 1
Balance: 0

1. Balance
2. Add income
3. Do transfer
4. Close account
5. Log out
0. Exit

> 0

Bye!
?[1;31m
Start test 10?[0m
1. Create an account
2. Log into account
0. Exit

> 1
400000954062034
Your card has been created
Your card number: 
4000009540620344
Your card PIN: 
4709

1. Create an account
2. Log into account
0. Exit

> 2
Enter your card number: 
> 4000009540620344
Enter your PIN code: 
> 4709

You have successfully logged in!

1. Balance
2. Add income
3. Do transfer
4. Close account
5. Log out
0. Exit

> 2
Enter income: 
> 10000
Income was added!
> 0

Bye!
1. Create an account
2. Log into account
0. Exit

> 2
Enter your card number: 
> 4000009540620344
Enter your PIN code: 
> 4709
> 2
Enter your card number: 
> 15000
Enter your PIN code: 
> 0
]]></system-out>
  <system-err><![CDATA[java.sql.SQLException: query does not return ResultSet
	at org.sqlite.jdbc3.JDBC3Statement.executeQuery(JDBC3Statement.java:70)
	at banking.CustomerAccountDatabase.sendQueryToSQLiteDatabase(CustomerAccountDatabase.java:35)
	at banking.CustomerAccountDatabase.initSQLiteDatabase(CustomerAccountDatabase.java:46)
	at banking.CustomerAccountDatabase.<init>(CustomerAccountDatabase.java:25)
	at banking.BankingSystemMenu.<init>(BankingSystemMenu.java:19)
	at banking.Main.main(Main.java:7)
	at java.base/jdk.internal.reflect.NativeMethodAccessorImpl.invoke0(Native Method)
	at java.base/jdk.internal.reflect.NativeMethodAccessorImpl.invoke(NativeMethodAccessorImpl.java:77)
	at java.base/jdk.internal.reflect.DelegatingMethodAccessorImpl.invoke(DelegatingMethodAccessorImpl.java:43)
	at java.base/java.lang.reflect.Method.invoke(Method.java:568)
	at org.hyperskill.hstest.testing.execution.MainMethodExecutor.invokeMain(MainMethodExecutor.java:172)
	at org.hyperskill.hstest.testing.execution.MainMethodExecutor.lambda$launch$0(MainMethodExecutor.java:199)
	at java.base/java.util.concurrent.Executors$RunnableAdapter.call(Executors.java:539)
	at java.base/java.util.concurrent.FutureTask.run(FutureTask.java:264)
	at java.base/java.util.concurrent.ThreadPoolExecutor.runWorker(ThreadPoolExecutor.java:1136)
	at java.base/java.util.concurrent.ThreadPoolExecutor$Worker.run(ThreadPoolExecutor.java:635)
	at java.base/java.lang.Thread.run(Thread.java:833)
org.sqlite.SQLiteException: [SQLITE_ERROR] SQL error or missing database (no such table: cards)
	at org.sqlite.core.DB.newSQLException(DB.java:1012)
	at org.sqlite.core.DB.newSQLException(DB.java:1024)
	at org.sqlite.core.DB.throwex(DB.java:989)
	at org.sqlite.core.NativeDB.prepare_utf8(Native Method)
	at org.sqlite.core.NativeDB.prepare(NativeDB.java:134)
	at org.sqlite.core.DB.prepare(DB.java:257)
	at org.sqlite.jdbc3.JDBC3Statement.executeQuery(JDBC3Statement.java:66)
	at banking.CustomerAccountDatabase.sendQueryToSQLiteDatabase(CustomerAccountDatabase.java:35)
	at banking.CustomerAccountDatabase.loadCustomerAccountList(CustomerAccountDatabase.java:51)
	at banking.CustomerAccountDatabase.<init>(CustomerAccountDatabase.java:26)
	at banking.BankingSystemMenu.<init>(BankingSystemMenu.java:19)
	at banking.Main.main(Main.java:7)
	at java.base/jdk.internal.reflect.NativeMethodAccessorImpl.invoke0(Native Method)
	at java.base/jdk.internal.reflect.NativeMethodAccessorImpl.invoke(NativeMethodAccessorImpl.java:77)
	at java.base/jdk.internal.reflect.DelegatingMethodAccessorImpl.invoke(DelegatingMethodAccessorImpl.java:43)
	at java.base/java.lang.reflect.Method.invoke(Method.java:568)
	at org.hyperskill.hstest.testing.execution.MainMethodExecutor.invokeMain(MainMethodExecutor.java:172)
	at org.hyperskill.hstest.testing.execution.MainMethodExecutor.lambda$launch$0(MainMethodExecutor.java:199)
	at java.base/java.util.concurrent.Executors$RunnableAdapter.call(Executors.java:539)
	at java.base/java.util.concurrent.FutureTask.run(FutureTask.java:264)
	at java.base/java.util.concurrent.ThreadPoolExecutor.runWorker(ThreadPoolExecutor.java:1136)
	at java.base/java.util.concurrent.ThreadPoolExecutor$Worker.run(ThreadPoolExecutor.java:635)
	at java.base/java.lang.Thread.run(Thread.java:833)
org.sqlite.SQLiteException: [SQLITE_ERROR] SQL error or missing database (table card already exists)
	at org.sqlite.core.DB.newSQLException(DB.java:1012)
	at org.sqlite.core.DB.newSQLException(DB.java:1024)
	at org.sqlite.core.DB.throwex(DB.java:989)
	at org.sqlite.core.NativeDB.prepare_utf8(Native Method)
	at org.sqlite.core.NativeDB.prepare(NativeDB.java:134)
	at org.sqlite.core.DB.prepare(DB.java:257)
	at org.sqlite.jdbc3.JDBC3Statement.executeQuery(JDBC3Statement.java:66)
	at banking.CustomerAccountDatabase.sendQueryToSQLiteDatabase(CustomerAccountDatabase.java:35)
	at banking.CustomerAccountDatabase.initSQLiteDatabase(CustomerAccountDatabase.java:46)
	at banking.CustomerAccountDatabase.<init>(CustomerAccountDatabase.java:25)
	at banking.BankingSystemMenu.<init>(BankingSystemMenu.java:19)
	at banking.Main.main(Main.java:7)
	at java.base/jdk.internal.reflect.NativeMethodAccessorImpl.invoke0(Native Method)
	at java.base/jdk.internal.reflect.NativeMethodAccessorImpl.invoke(NativeMethodAccessorImpl.java:77)
	at java.base/jdk.internal.reflect.DelegatingMethodAccessorImpl.invoke(DelegatingMethodAccessorImpl.java:43)
	at java.base/java.lang.reflect.Method.invoke(Method.java:568)
	at org.hyperskill.hstest.testing.execution.MainMethodExecutor.invokeMain(MainMethodExecutor.java:172)
	at org.hyperskill.hstest.testing.execution.MainMethodExecutor.lambda$launch$0(MainMethodExecutor.java:199)
	at java.base/java.util.concurrent.Executors$RunnableAdapter.call(Executors.java:539)
	at java.base/java.util.concurrent.FutureTask.run(FutureTask.java:264)
	at java.base/java.util.concurrent.ThreadPoolExecutor.runWorker(ThreadPoolExecutor.java:1136)
	at java.base/java.util.concurrent.ThreadPoolExecutor$Worker.run(ThreadPoolExecutor.java:635)
	at java.base/java.lang.Thread.run(Thread.java:833)
org.sqlite.SQLiteException: [SQLITE_ERROR] SQL error or missing database (no such table: cards)
	at org.sqlite.core.DB.newSQLException(DB.java:1012)
	at org.sqlite.core.DB.newSQLException(DB.java:1024)
	at org.sqlite.core.DB.throwex(DB.java:989)
	at org.sqlite.core.NativeDB.prepare_utf8(Native Method)
	at org.sqlite.core.NativeDB.prepare(NativeDB.java:134)
	at org.sqlite.core.DB.prepare(DB.java:257)
	at org.sqlite.jdbc3.JDBC3Statement.executeQuery(JDBC3Statement.java:66)
	at banking.CustomerAccountDatabase.sendQueryToSQLiteDatabase(CustomerAccountDatabase.java:35)
	at banking.CustomerAccountDatabase.loadCustomerAccountList(CustomerAccountDatabase.java:51)
	at banking.CustomerAccountDatabase.<init>(CustomerAccountDatabase.java:26)
	at banking.BankingSystemMenu.<init>(BankingSystemMenu.java:19)
	at banking.Main.main(Main.java:7)
	at java.base/jdk.internal.reflect.NativeMethodAccessorImpl.invoke0(Native Method)
	at java.base/jdk.internal.reflect.NativeMethodAccessorImpl.invoke(NativeMethodAccessorImpl.java:77)
	at java.base/jdk.internal.reflect.DelegatingMethodAccessorImpl.invoke(DelegatingMethodAccessorImpl.java:43)
	at java.base/java.lang.reflect.Method.invoke(Method.java:568)
	at org.hyperskill.hstest.testing.execution.MainMethodExecutor.invokeMain(MainMethodExecutor.java:172)
	at org.hyperskill.hstest.testing.execution.MainMethodExecutor.lambda$launch$0(MainMethodExecutor.java:199)
	at java.base/java.util.concurrent.Executors$RunnableAdapter.call(Executors.java:539)
	at java.base/java.util.concurrent.FutureTask.run(FutureTask.java:264)
	at java.base/java.util.concurrent.ThreadPoolExecutor.runWorker(ThreadPoolExecutor.java:1136)
	at java.base/java.util.concurrent.ThreadPoolExecutor$Worker.run(ThreadPoolExecutor.java:635)
	at java.base/java.lang.Thread.run(Thread.java:833)
org.sqlite.SQLiteException: [SQLITE_ERROR] SQL error or missing database (table card already exists)
	at org.sqlite.core.DB.newSQLException(DB.java:1012)
	at org.sqlite.core.DB.newSQLException(DB.java:1024)
	at org.sqlite.core.DB.throwex(DB.java:989)
	at org.sqlite.core.NativeDB.prepare_utf8(Native Method)
	at org.sqlite.core.NativeDB.prepare(NativeDB.java:134)
	at org.sqlite.core.DB.prepare(DB.java:257)
	at org.sqlite.jdbc3.JDBC3Statement.executeQuery(JDBC3Statement.java:66)
	at banking.CustomerAccountDatabase.sendQueryToSQLiteDatabase(CustomerAccountDatabase.java:35)
	at banking.CustomerAccountDatabase.initSQLiteDatabase(CustomerAccountDatabase.java:46)
	at banking.CustomerAccountDatabase.<init>(CustomerAccountDatabase.java:25)
	at banking.BankingSystemMenu.<init>(BankingSystemMenu.java:19)
	at banking.Main.main(Main.java:7)
	at java.base/jdk.internal.reflect.NativeMethodAccessorImpl.invoke0(Native Method)
	at java.base/jdk.internal.reflect.NativeMethodAccessorImpl.invoke(NativeMethodAccessorImpl.java:77)
	at java.base/jdk.internal.reflect.DelegatingMethodAccessorImpl.invoke(DelegatingMethodAccessorImpl.java:43)
	at java.base/java.lang.reflect.Method.invoke(Method.java:568)
	at org.hyperskill.hstest.testing.execution.MainMethodExecutor.invokeMain(MainMethodExecutor.java:172)
	at org.hyperskill.hstest.testing.execution.MainMethodExecutor.lambda$launch$0(MainMethodExecutor.java:199)
	at java.base/java.util.concurrent.Executors$RunnableAdapter.call(Executors.java:539)
	at java.base/java.util.concurrent.FutureTask.run(FutureTask.java:264)
	at java.base/java.util.concurrent.ThreadPoolExecutor.runWorker(ThreadPoolExecutor.java:1136)
	at java.base/java.util.concurrent.ThreadPoolExecutor$Worker.run(ThreadPoolExecutor.java:635)
	at java.base/java.lang.Thread.run(Thread.java:833)
org.sqlite.SQLiteException: [SQLITE_ERROR] SQL error or missing database (no such table: cards)
	at org.sqlite.core.DB.newSQLException(DB.java:1012)
	at org.sqlite.core.DB.newSQLException(DB.java:1024)
	at org.sqlite.core.DB.throwex(DB.java:989)
	at org.sqlite.core.NativeDB.prepare_utf8(Native Method)
	at org.sqlite.core.NativeDB.prepare(NativeDB.java:134)
	at org.sqlite.core.DB.prepare(DB.java:257)
	at org.sqlite.jdbc3.JDBC3Statement.executeQuery(JDBC3Statement.java:66)
	at banking.CustomerAccountDatabase.sendQueryToSQLiteDatabase(CustomerAccountDatabase.java:35)
	at banking.CustomerAccountDatabase.loadCustomerAccountList(CustomerAccountDatabase.java:51)
	at banking.CustomerAccountDatabase.<init>(CustomerAccountDatabase.java:26)
	at banking.BankingSystemMenu.<init>(BankingSystemMenu.java:19)
	at banking.Main.main(Main.java:7)
	at java.base/jdk.internal.reflect.NativeMethodAccessorImpl.invoke0(Native Method)
	at java.base/jdk.internal.reflect.NativeMethodAccessorImpl.invoke(NativeMethodAccessorImpl.java:77)
	at java.base/jdk.internal.reflect.DelegatingMethodAccessorImpl.invoke(DelegatingMethodAccessorImpl.java:43)
	at java.base/java.lang.reflect.Method.invoke(Method.java:568)
	at org.hyperskill.hstest.testing.execution.MainMethodExecutor.invokeMain(MainMethodExecutor.java:172)
	at org.hyperskill.hstest.testing.execution.MainMethodExecutor.lambda$launch$0(MainMethodExecutor.java:199)
	at java.base/java.util.concurrent.Executors$RunnableAdapter.call(Executors.java:539)
	at java.base/java.util.concurrent.FutureTask.run(FutureTask.java:264)
	at java.base/java.util.concurrent.ThreadPoolExecutor.runWorker(ThreadPoolExecutor.java:1136)
	at java.base/java.util.concurrent.ThreadPoolExecutor$Worker.run(ThreadPoolExecutor.java:635)
	at java.base/java.lang.Thread.run(Thread.java:833)
org.sqlite.SQLiteException: [SQLITE_ERROR] SQL error or missing database (table card already exists)
	at org.sqlite.core.DB.newSQLException(DB.java:1012)
	at org.sqlite.core.DB.newSQLException(DB.java:1024)
	at org.sqlite.core.DB.throwex(DB.java:989)
	at org.sqlite.core.NativeDB.prepare_utf8(Native Method)
	at org.sqlite.core.NativeDB.prepare(NativeDB.java:134)
	at org.sqlite.core.DB.prepare(DB.java:257)
	at org.sqlite.jdbc3.JDBC3Statement.executeQuery(JDBC3Statement.java:66)
	at banking.CustomerAccountDatabase.sendQueryToSQLiteDatabase(CustomerAccountDatabase.java:35)
	at banking.CustomerAccountDatabase.initSQLiteDatabase(CustomerAccountDatabase.java:46)
	at banking.CustomerAccountDatabase.<init>(CustomerAccountDatabase.java:25)
	at banking.BankingSystemMenu.<init>(BankingSystemMenu.java:19)
	at banking.Main.main(Main.java:7)
	at java.base/jdk.internal.reflect.NativeMethodAccessorImpl.invoke0(Native Method)
	at java.base/jdk.internal.reflect.NativeMethodAccessorImpl.invoke(NativeMethodAccessorImpl.java:77)
	at java.base/jdk.internal.reflect.DelegatingMethodAccessorImpl.invoke(DelegatingMethodAccessorImpl.java:43)
	at java.base/java.lang.reflect.Method.invoke(Method.java:568)
	at org.hyperskill.hstest.testing.execution.MainMethodExecutor.invokeMain(MainMethodExecutor.java:172)
	at org.hyperskill.hstest.testing.execution.MainMethodExecutor.lambda$launch$0(MainMethodExecutor.java:199)
	at java.base/java.util.concurrent.Executors$RunnableAdapter.call(Executors.java:539)
	at java.base/java.util.concurrent.FutureTask.run(FutureTask.java:264)
	at java.base/java.util.concurrent.ThreadPoolExecutor.runWorker(ThreadPoolExecutor.java:1136)
	at java.base/java.util.concurrent.ThreadPoolExecutor$Worker.run(ThreadPoolExecutor.java:635)
	at java.base/java.lang.Thread.run(Thread.java:833)
org.sqlite.SQLiteException: [SQLITE_ERROR] SQL error or missing database (no such table: cards)
	at org.sqlite.core.DB.newSQLException(DB.java:1012)
	at org.sqlite.core.DB.newSQLException(DB.java:1024)
	at org.sqlite.core.DB.throwex(DB.java:989)
	at org.sqlite.core.NativeDB.prepare_utf8(Native Method)
	at org.sqlite.core.NativeDB.prepare(NativeDB.java:134)
	at org.sqlite.core.DB.prepare(DB.java:257)
	at org.sqlite.jdbc3.JDBC3Statement.executeQuery(JDBC3Statement.java:66)
	at banking.CustomerAccountDatabase.sendQueryToSQLiteDatabase(CustomerAccountDatabase.java:35)
	at banking.CustomerAccountDatabase.loadCustomerAccountList(CustomerAccountDatabase.java:51)
	at banking.CustomerAccountDatabase.<init>(CustomerAccountDatabase.java:26)
	at banking.BankingSystemMenu.<init>(BankingSystemMenu.java:19)
	at banking.Main.main(Main.java:7)
	at java.base/jdk.internal.reflect.NativeMethodAccessorImpl.invoke0(Native Method)
	at java.base/jdk.internal.reflect.NativeMethodAccessorImpl.invoke(NativeMethodAccessorImpl.java:77)
	at java.base/jdk.internal.reflect.DelegatingMethodAccessorImpl.invoke(DelegatingMethodAccessorImpl.java:43)
	at java.base/java.lang.reflect.Method.invoke(Method.java:568)
	at org.hyperskill.hstest.testing.execution.MainMethodExecutor.invokeMain(MainMethodExecutor.java:172)
	at org.hyperskill.hstest.testing.execution.MainMethodExecutor.lambda$launch$0(MainMethodExecutor.java:199)
	at java.base/java.util.concurrent.Executors$RunnableAdapter.call(Executors.java:539)
	at java.base/java.util.concurrent.FutureTask.run(FutureTask.java:264)
	at java.base/java.util.concurrent.ThreadPoolExecutor.runWorker(ThreadPoolExecutor.java:1136)
	at java.base/java.util.concurrent.ThreadPoolExecutor$Worker.run(ThreadPoolExecutor.java:635)
	at java.base/java.lang.Thread.run(Thread.java:833)
org.sqlite.SQLiteException: [SQLITE_ERROR] SQL error or missing database (table card already exists)
	at org.sqlite.core.DB.newSQLException(DB.java:1012)
	at org.sqlite.core.DB.newSQLException(DB.java:1024)
	at org.sqlite.core.DB.throwex(DB.java:989)
	at org.sqlite.core.NativeDB.prepare_utf8(Native Method)
	at org.sqlite.core.NativeDB.prepare(NativeDB.java:134)
	at org.sqlite.core.DB.prepare(DB.java:257)
	at org.sqlite.jdbc3.JDBC3Statement.executeQuery(JDBC3Statement.java:66)
	at banking.CustomerAccountDatabase.sendQueryToSQLiteDatabase(CustomerAccountDatabase.java:35)
	at banking.CustomerAccountDatabase.initSQLiteDatabase(CustomerAccountDatabase.java:46)
	at banking.CustomerAccountDatabase.<init>(CustomerAccountDatabase.java:25)
	at banking.BankingSystemMenu.<init>(BankingSystemMenu.java:19)
	at banking.Main.main(Main.java:7)
	at java.base/jdk.internal.reflect.NativeMethodAccessorImpl.invoke0(Native Method)
	at java.base/jdk.internal.reflect.NativeMethodAccessorImpl.invoke(NativeMethodAccessorImpl.java:77)
	at java.base/jdk.internal.reflect.DelegatingMethodAccessorImpl.invoke(DelegatingMethodAccessorImpl.java:43)
	at java.base/java.lang.reflect.Method.invoke(Method.java:568)
	at org.hyperskill.hstest.testing.execution.MainMethodExecutor.invokeMain(MainMethodExecutor.java:172)
	at org.hyperskill.hstest.testing.execution.MainMethodExecutor.lambda$launch$0(MainMethodExecutor.java:199)
	at java.base/java.util.concurrent.Executors$RunnableAdapter.call(Executors.java:539)
	at java.base/java.util.concurrent.FutureTask.run(FutureTask.java:264)
	at java.base/java.util.concurrent.ThreadPoolExecutor.runWorker(ThreadPoolExecutor.java:1136)
	at java.base/java.util.concurrent.ThreadPoolExecutor$Worker.run(ThreadPoolExecutor.java:635)
	at java.base/java.lang.Thread.run(Thread.java:833)
org.sqlite.SQLiteException: [SQLITE_ERROR] SQL error or missing database (no such table: cards)
	at org.sqlite.core.DB.newSQLException(DB.java:1012)
	at org.sqlite.core.DB.newSQLException(DB.java:1024)
	at org.sqlite.core.DB.throwex(DB.java:989)
	at org.sqlite.core.NativeDB.prepare_utf8(Native Method)
	at org.sqlite.core.NativeDB.prepare(NativeDB.java:134)
	at org.sqlite.core.DB.prepare(DB.java:257)
	at org.sqlite.jdbc3.JDBC3Statement.executeQuery(JDBC3Statement.java:66)
	at banking.CustomerAccountDatabase.sendQueryToSQLiteDatabase(CustomerAccountDatabase.java:35)
	at banking.CustomerAccountDatabase.loadCustomerAccountList(CustomerAccountDatabase.java:51)
	at banking.CustomerAccountDatabase.<init>(CustomerAccountDatabase.java:26)
	at banking.BankingSystemMenu.<init>(BankingSystemMenu.java:19)
	at banking.Main.main(Main.java:7)
	at java.base/jdk.internal.reflect.NativeMethodAccessorImpl.invoke0(Native Method)
	at java.base/jdk.internal.reflect.NativeMethodAccessorImpl.invoke(NativeMethodAccessorImpl.java:77)
	at java.base/jdk.internal.reflect.DelegatingMethodAccessorImpl.invoke(DelegatingMethodAccessorImpl.java:43)
	at java.base/java.lang.reflect.Method.invoke(Method.java:568)
	at org.hyperskill.hstest.testing.execution.MainMethodExecutor.invokeMain(MainMethodExecutor.java:172)
	at org.hyperskill.hstest.testing.execution.MainMethodExecutor.lambda$launch$0(MainMethodExecutor.java:199)
	at java.base/java.util.concurrent.Executors$RunnableAdapter.call(Executors.java:539)
	at java.base/java.util.concurrent.FutureTask.run(FutureTask.java:264)
	at java.base/java.util.concurrent.ThreadPoolExecutor.runWorker(ThreadPoolExecutor.java:1136)
	at java.base/java.util.concurrent.ThreadPoolExecutor$Worker.run(ThreadPoolExecutor.java:635)
	at java.base/java.lang.Thread.run(Thread.java:833)
java.sql.SQLException: query does not return ResultSet
	at org.sqlite.jdbc3.JDBC3Statement.executeQuery(JDBC3Statement.java:70)
	at banking.CustomerAccountDatabase.sendQueryToSQLiteDatabase(CustomerAccountDatabase.java:35)
	at banking.CustomerAccountDatabase.addNewCustomerAccount(CustomerAccountDatabase.java:83)
	at banking.BankingSystemMenu.createAccount(BankingSystemMenu.java:60)
	at banking.BankingSystemMenu.runUserOption(BankingSystemMenu.java:38)
	at banking.BankingSystemMenu.printMainMenu(BankingSystemMenu.java:28)
	at banking.BankingSystemMenu.<init>(BankingSystemMenu.java:20)
	at banking.Main.main(Main.java:7)
	at java.base/jdk.internal.reflect.NativeMethodAccessorImpl.invoke0(Native Method)
	at java.base/jdk.internal.reflect.NativeMethodAccessorImpl.invoke(NativeMethodAccessorImpl.java:77)
	at java.base/jdk.internal.reflect.DelegatingMethodAccessorImpl.invoke(DelegatingMethodAccessorImpl.java:43)
	at java.base/java.lang.reflect.Method.invoke(Method.java:568)
	at org.hyperskill.hstest.testing.execution.MainMethodExecutor.invokeMain(MainMethodExecutor.java:172)
	at org.hyperskill.hstest.testing.execution.MainMethodExecutor.lambda$launch$0(MainMethodExecutor.java:199)
	at java.base/java.util.concurrent.Executors$RunnableAdapter.call(Executors.java:539)
	at java.base/java.util.concurrent.FutureTask.run(FutureTask.java:264)
	at java.base/java.util.concurrent.ThreadPoolExecutor.runWorker(ThreadPoolExecutor.java:1136)
	at java.base/java.util.concurrent.ThreadPoolExecutor$Worker.run(ThreadPoolExecutor.java:635)
	at java.base/java.lang.Thread.run(Thread.java:833)
java.sql.SQLException: query does not return ResultSet
	at org.sqlite.jdbc3.JDBC3Statement.executeQuery(JDBC3Statement.java:70)
	at banking.CustomerAccountDatabase.sendQueryToSQLiteDatabase(CustomerAccountDatabase.java:35)
	at banking.CustomerAccountDatabase.addNewCustomerAccount(CustomerAccountDatabase.java:83)
	at banking.BankingSystemMenu.createAccount(BankingSystemMenu.java:60)
	at banking.BankingSystemMenu.runUserOption(BankingSystemMenu.java:38)
	at banking.BankingSystemMenu.printMainMenu(BankingSystemMenu.java:28)
	at banking.BankingSystemMenu.createAccount(BankingSystemMenu.java:68)
	at banking.BankingSystemMenu.runUserOption(BankingSystemMenu.java:38)
	at banking.BankingSystemMenu.printMainMenu(BankingSystemMenu.java:28)
	at banking.BankingSystemMenu.<init>(BankingSystemMenu.java:20)
	at banking.Main.main(Main.java:7)
	at java.base/jdk.internal.reflect.NativeMethodAccessorImpl.invoke0(Native Method)
	at java.base/jdk.internal.reflect.NativeMethodAccessorImpl.invoke(NativeMethodAccessorImpl.java:77)
	at java.base/jdk.internal.reflect.DelegatingMethodAccessorImpl.invoke(DelegatingMethodAccessorImpl.java:43)
	at java.base/java.lang.reflect.Method.invoke(Method.java:568)
	at org.hyperskill.hstest.testing.execution.MainMethodExecutor.invokeMain(MainMethodExecutor.java:172)
	at org.hyperskill.hstest.testing.execution.MainMethodExecutor.lambda$launch$0(MainMethodExecutor.java:199)
	at java.base/java.util.concurrent.Executors$RunnableAdapter.call(Executors.java:539)
	at java.base/java.util.concurrent.FutureTask.run(FutureTask.java:264)
	at java.base/java.util.concurrent.ThreadPoolExecutor.runWorker(ThreadPoolExecutor.java:1136)
	at java.base/java.util.concurrent.ThreadPoolExecutor$Worker.run(ThreadPoolExecutor.java:635)
	at java.base/java.lang.Thread.run(Thread.java:833)
java.sql.SQLException: query does not return ResultSet
	at org.sqlite.jdbc3.JDBC3Statement.executeQuery(JDBC3Statement.java:70)
	at banking.CustomerAccountDatabase.sendQueryToSQLiteDatabase(CustomerAccountDatabase.java:35)
	at banking.CustomerAccountDatabase.addNewCustomerAccount(CustomerAccountDatabase.java:83)
	at banking.BankingSystemMenu.createAccount(BankingSystemMenu.java:60)
	at banking.BankingSystemMenu.runUserOption(BankingSystemMenu.java:38)
	at banking.BankingSystemMenu.printMainMenu(BankingSystemMenu.java:28)
	at banking.BankingSystemMenu.createAccount(BankingSystemMenu.java:68)
	at banking.BankingSystemMenu.runUserOption(BankingSystemMenu.java:38)
	at banking.BankingSystemMenu.printMainMenu(BankingSystemMenu.java:28)
	at banking.BankingSystemMenu.createAccount(BankingSystemMenu.java:68)
	at banking.BankingSystemMenu.runUserOption(BankingSystemMenu.java:38)
	at banking.BankingSystemMenu.printMainMenu(BankingSystemMenu.java:28)
	at banking.BankingSystemMenu.<init>(BankingSystemMenu.java:20)
	at banking.Main.main(Main.java:7)
	at java.base/jdk.internal.reflect.NativeMethodAccessorImpl.invoke0(Native Method)
	at java.base/jdk.internal.reflect.NativeMethodAccessorImpl.invoke(NativeMethodAccessorImpl.java:77)
	at java.base/jdk.internal.reflect.DelegatingMethodAccessorImpl.invoke(DelegatingMethodAccessorImpl.java:43)
	at java.base/java.lang.reflect.Method.invoke(Method.java:568)
	at org.hyperskill.hstest.testing.execution.MainMethodExecutor.invokeMain(MainMethodExecutor.java:172)
	at org.hyperskill.hstest.testing.execution.MainMethodExecutor.lambda$launch$0(MainMethodExecutor.java:199)
	at java.base/java.util.concurrent.Executors$RunnableAdapter.call(Executors.java:539)
	at java.base/java.util.concurrent.FutureTask.run(FutureTask.java:264)
	at java.base/java.util.concurrent.ThreadPoolExecutor.runWorker(ThreadPoolExecutor.java:1136)
	at java.base/java.util.concurrent.ThreadPoolExecutor$Worker.run(ThreadPoolExecutor.java:635)
	at java.base/java.lang.Thread.run(Thread.java:833)
java.sql.SQLException: query does not return ResultSet
	at org.sqlite.jdbc3.JDBC3Statement.executeQuery(JDBC3Statement.java:70)
	at banking.CustomerAccountDatabase.sendQueryToSQLiteDatabase(CustomerAccountDatabase.java:35)
	at banking.CustomerAccountDatabase.addNewCustomerAccount(CustomerAccountDatabase.java:83)
	at banking.BankingSystemMenu.createAccount(BankingSystemMenu.java:60)
	at banking.BankingSystemMenu.runUserOption(BankingSystemMenu.java:38)
	at banking.BankingSystemMenu.printMainMenu(BankingSystemMenu.java:28)
	at banking.BankingSystemMenu.createAccount(BankingSystemMenu.java:68)
	at banking.BankingSystemMenu.runUserOption(BankingSystemMenu.java:38)
	at banking.BankingSystemMenu.printMainMenu(BankingSystemMenu.java:28)
	at banking.BankingSystemMenu.createAccount(BankingSystemMenu.java:68)
	at banking.BankingSystemMenu.runUserOption(BankingSystemMenu.java:38)
	at banking.BankingSystemMenu.printMainMenu(BankingSystemMenu.java:28)
	at banking.BankingSystemMenu.createAccount(BankingSystemMenu.java:68)
	at banking.BankingSystemMenu.runUserOption(BankingSystemMenu.java:38)
	at banking.BankingSystemMenu.printMainMenu(BankingSystemMenu.java:28)
	at banking.BankingSystemMenu.<init>(BankingSystemMenu.java:20)
	at banking.Main.main(Main.java:7)
	at java.base/jdk.internal.reflect.NativeMethodAccessorImpl.invoke0(Native Method)
	at java.base/jdk.internal.reflect.NativeMethodAccessorImpl.invoke(NativeMethodAccessorImpl.java:77)
	at java.base/jdk.internal.reflect.DelegatingMethodAccessorImpl.invoke(DelegatingMethodAccessorImpl.java:43)
	at java.base/java.lang.reflect.Method.invoke(Method.java:568)
	at org.hyperskill.hstest.testing.execution.MainMethodExecutor.invokeMain(MainMethodExecutor.java:172)
	at org.hyperskill.hstest.testing.execution.MainMethodExecutor.lambda$launch$0(MainMethodExecutor.java:199)
	at java.base/java.util.concurrent.Executors$RunnableAdapter.call(Executors.java:539)
	at java.base/java.util.concurrent.FutureTask.run(FutureTask.java:264)
	at java.base/java.util.concurrent.ThreadPoolExecutor.runWorker(ThreadPoolExecutor.java:1136)
	at java.base/java.util.concurrent.ThreadPoolExecutor$Worker.run(ThreadPoolExecutor.java:635)
	at java.base/java.lang.Thread.run(Thread.java:833)
java.sql.SQLException: query does not return ResultSet
	at org.sqlite.jdbc3.JDBC3Statement.executeQuery(JDBC3Statement.java:70)
	at banking.CustomerAccountDatabase.sendQueryToSQLiteDatabase(CustomerAccountDatabase.java:35)
	at banking.CustomerAccountDatabase.addNewCustomerAccount(CustomerAccountDatabase.java:83)
	at banking.BankingSystemMenu.createAccount(BankingSystemMenu.java:60)
	at banking.BankingSystemMenu.runUserOption(BankingSystemMenu.java:38)
	at banking.BankingSystemMenu.printMainMenu(BankingSystemMenu.java:28)
	at banking.BankingSystemMenu.createAccount(BankingSystemMenu.java:68)
	at banking.BankingSystemMenu.runUserOption(BankingSystemMenu.java:38)
	at banking.BankingSystemMenu.printMainMenu(BankingSystemMenu.java:28)
	at banking.BankingSystemMenu.createAccount(BankingSystemMenu.java:68)
	at banking.BankingSystemMenu.runUserOption(BankingSystemMenu.java:38)
	at banking.BankingSystemMenu.printMainMenu(BankingSystemMenu.java:28)
	at banking.BankingSystemMenu.createAccount(BankingSystemMenu.java:68)
	at banking.BankingSystemMenu.runUserOption(BankingSystemMenu.java:38)
	at banking.BankingSystemMenu.printMainMenu(BankingSystemMenu.java:28)
	at banking.BankingSystemMenu.createAccount(BankingSystemMenu.java:68)
	at banking.BankingSystemMenu.runUserOption(BankingSystemMenu.java:38)
	at banking.BankingSystemMenu.printMainMenu(BankingSystemMenu.java:28)
	at banking.BankingSystemMenu.<init>(BankingSystemMenu.java:20)
	at banking.Main.main(Main.java:7)
	at java.base/jdk.internal.reflect.NativeMethodAccessorImpl.invoke0(Native Method)
	at java.base/jdk.internal.reflect.NativeMethodAccessorImpl.invoke(NativeMethodAccessorImpl.java:77)
	at java.base/jdk.internal.reflect.DelegatingMethodAccessorImpl.invoke(DelegatingMethodAccessorImpl.java:43)
	at java.base/java.lang.reflect.Method.invoke(Method.java:568)
	at org.hyperskill.hstest.testing.execution.MainMethodExecutor.invokeMain(MainMethodExecutor.java:172)
	at org.hyperskill.hstest.testing.execution.MainMethodExecutor.lambda$launch$0(MainMethodExecutor.java:199)
	at java.base/java.util.concurrent.Executors$RunnableAdapter.call(Executors.java:539)
	at java.base/java.util.concurrent.FutureTask.run(FutureTask.java:264)
	at java.base/java.util.concurrent.ThreadPoolExecutor.runWorker(ThreadPoolExecutor.java:1136)
	at java.base/java.util.concurrent.ThreadPoolExecutor$Worker.run(ThreadPoolExecutor.java:635)
	at java.base/java.lang.Thread.run(Thread.java:833)
org.sqlite.SQLiteException: [SQLITE_ERROR] SQL error or missing database (table card already exists)
	at org.sqlite.core.DB.newSQLException(DB.java:1012)
	at org.sqlite.core.DB.newSQLException(DB.java:1024)
	at org.sqlite.core.DB.throwex(DB.java:989)
	at org.sqlite.core.NativeDB.prepare_utf8(Native Method)
	at org.sqlite.core.NativeDB.prepare(NativeDB.java:134)
	at org.sqlite.core.DB.prepare(DB.java:257)
	at org.sqlite.jdbc3.JDBC3Statement.executeQuery(JDBC3Statement.java:66)
	at banking.CustomerAccountDatabase.sendQueryToSQLiteDatabase(CustomerAccountDatabase.java:35)
	at banking.CustomerAccountDatabase.initSQLiteDatabase(CustomerAccountDatabase.java:46)
	at banking.CustomerAccountDatabase.<init>(CustomerAccountDatabase.java:25)
	at banking.BankingSystemMenu.<init>(BankingSystemMenu.java:19)
	at banking.Main.main(Main.java:7)
	at java.base/jdk.internal.reflect.NativeMethodAccessorImpl.invoke0(Native Method)
	at java.base/jdk.internal.reflect.NativeMethodAccessorImpl.invoke(NativeMethodAccessorImpl.java:77)
	at java.base/jdk.internal.reflect.DelegatingMethodAccessorImpl.invoke(DelegatingMethodAccessorImpl.java:43)
	at java.base/java.lang.reflect.Method.invoke(Method.java:568)
	at org.hyperskill.hstest.testing.execution.MainMethodExecutor.invokeMain(MainMethodExecutor.java:172)
	at org.hyperskill.hstest.testing.execution.MainMethodExecutor.lambda$launch$0(MainMethodExecutor.java:199)
	at java.base/java.util.concurrent.Executors$RunnableAdapter.call(Executors.java:539)
	at java.base/java.util.concurrent.FutureTask.run(FutureTask.java:264)
	at java.base/java.util.concurrent.ThreadPoolExecutor.runWorker(ThreadPoolExecutor.java:1136)
	at java.base/java.util.concurrent.ThreadPoolExecutor$Worker.run(ThreadPoolExecutor.java:635)
	at java.base/java.lang.Thread.run(Thread.java:833)
org.sqlite.SQLiteException: [SQLITE_ERROR] SQL error or missing database (no such table: cards)
	at org.sqlite.core.DB.newSQLException(DB.java:1012)
	at org.sqlite.core.DB.newSQLException(DB.java:1024)
	at org.sqlite.core.DB.throwex(DB.java:989)
	at org.sqlite.core.NativeDB.prepare_utf8(Native Method)
	at org.sqlite.core.NativeDB.prepare(NativeDB.java:134)
	at org.sqlite.core.DB.prepare(DB.java:257)
	at org.sqlite.jdbc3.JDBC3Statement.executeQuery(JDBC3Statement.java:66)
	at banking.CustomerAccountDatabase.sendQueryToSQLiteDatabase(CustomerAccountDatabase.java:35)
	at banking.CustomerAccountDatabase.loadCustomerAccountList(CustomerAccountDatabase.java:51)
	at banking.CustomerAccountDatabase.<init>(CustomerAccountDatabase.java:26)
	at banking.BankingSystemMenu.<init>(BankingSystemMenu.java:19)
	at banking.Main.main(Main.java:7)
	at java.base/jdk.internal.reflect.NativeMethodAccessorImpl.invoke0(Native Method)
	at java.base/jdk.internal.reflect.NativeMethodAccessorImpl.invoke(NativeMethodAccessorImpl.java:77)
	at java.base/jdk.internal.reflect.DelegatingMethodAccessorImpl.invoke(DelegatingMethodAccessorImpl.java:43)
	at java.base/java.lang.reflect.Method.invoke(Method.java:568)
	at org.hyperskill.hstest.testing.execution.MainMethodExecutor.invokeMain(MainMethodExecutor.java:172)
	at org.hyperskill.hstest.testing.execution.MainMethodExecutor.lambda$launch$0(MainMethodExecutor.java:199)
	at java.base/java.util.concurrent.Executors$RunnableAdapter.call(Executors.java:539)
	at java.base/java.util.concurrent.FutureTask.run(FutureTask.java:264)
	at java.base/java.util.concurrent.ThreadPoolExecutor.runWorker(ThreadPoolExecutor.java:1136)
	at java.base/java.util.concurrent.ThreadPoolExecutor$Worker.run(ThreadPoolExecutor.java:635)
	at java.base/java.lang.Thread.run(Thread.java:833)
java.sql.SQLException: query does not return ResultSet
	at org.sqlite.jdbc3.JDBC3Statement.executeQuery(JDBC3Statement.java:70)
	at banking.CustomerAccountDatabase.sendQueryToSQLiteDatabase(CustomerAccountDatabase.java:35)
	at banking.CustomerAccountDatabase.addNewCustomerAccount(CustomerAccountDatabase.java:83)
	at banking.BankingSystemMenu.createAccount(BankingSystemMenu.java:60)
	at banking.BankingSystemMenu.runUserOption(BankingSystemMenu.java:38)
	at banking.BankingSystemMenu.printMainMenu(BankingSystemMenu.java:28)
	at banking.BankingSystemMenu.<init>(BankingSystemMenu.java:20)
	at banking.Main.main(Main.java:7)
	at java.base/jdk.internal.reflect.NativeMethodAccessorImpl.invoke0(Native Method)
	at java.base/jdk.internal.reflect.NativeMethodAccessorImpl.invoke(NativeMethodAccessorImpl.java:77)
	at java.base/jdk.internal.reflect.DelegatingMethodAccessorImpl.invoke(DelegatingMethodAccessorImpl.java:43)
	at java.base/java.lang.reflect.Method.invoke(Method.java:568)
	at org.hyperskill.hstest.testing.execution.MainMethodExecutor.invokeMain(MainMethodExecutor.java:172)
	at org.hyperskill.hstest.testing.execution.MainMethodExecutor.lambda$launch$0(MainMethodExecutor.java:199)
	at java.base/java.util.concurrent.Executors$RunnableAdapter.call(Executors.java:539)
	at java.base/java.util.concurrent.FutureTask.run(FutureTask.java:264)
	at java.base/java.util.concurrent.ThreadPoolExecutor.runWorker(ThreadPoolExecutor.java:1136)
	at java.base/java.util.concurrent.ThreadPoolExecutor$Worker.run(ThreadPoolExecutor.java:635)
	at java.base/java.lang.Thread.run(Thread.java:833)
org.sqlite.SQLiteException: [SQLITE_ERROR] SQL error or missing database (table card already exists)
	at org.sqlite.core.DB.newSQLException(DB.java:1012)
	at org.sqlite.core.DB.newSQLException(DB.java:1024)
	at org.sqlite.core.DB.throwex(DB.java:989)
	at org.sqlite.core.NativeDB.prepare_utf8(Native Method)
	at org.sqlite.core.NativeDB.prepare(NativeDB.java:134)
	at org.sqlite.core.DB.prepare(DB.java:257)
	at org.sqlite.jdbc3.JDBC3Statement.executeQuery(JDBC3Statement.java:66)
	at banking.CustomerAccountDatabase.sendQueryToSQLiteDatabase(CustomerAccountDatabase.java:35)
	at banking.CustomerAccountDatabase.initSQLiteDatabase(CustomerAccountDatabase.java:46)
	at banking.CustomerAccountDatabase.<init>(CustomerAccountDatabase.java:25)
	at banking.BankingSystemMenu.<init>(BankingSystemMenu.java:19)
	at banking.Main.main(Main.java:7)
	at java.base/jdk.internal.reflect.NativeMethodAccessorImpl.invoke0(Native Method)
	at java.base/jdk.internal.reflect.NativeMethodAccessorImpl.invoke(NativeMethodAccessorImpl.java:77)
	at java.base/jdk.internal.reflect.DelegatingMethodAccessorImpl.invoke(DelegatingMethodAccessorImpl.java:43)
	at java.base/java.lang.reflect.Method.invoke(Method.java:568)
	at org.hyperskill.hstest.testing.execution.MainMethodExecutor.invokeMain(MainMethodExecutor.java:172)
	at org.hyperskill.hstest.testing.execution.MainMethodExecutor.lambda$launch$0(MainMethodExecutor.java:199)
	at java.base/java.util.concurrent.Executors$RunnableAdapter.call(Executors.java:539)
	at java.base/java.util.concurrent.FutureTask.run(FutureTask.java:264)
	at java.base/java.util.concurrent.ThreadPoolExecutor.runWorker(ThreadPoolExecutor.java:1136)
	at java.base/java.util.concurrent.ThreadPoolExecutor$Worker.run(ThreadPoolExecutor.java:635)
	at java.base/java.lang.Thread.run(Thread.java:833)
org.sqlite.SQLiteException: [SQLITE_ERROR] SQL error or missing database (no such table: cards)
	at org.sqlite.core.DB.newSQLException(DB.java:1012)
	at org.sqlite.core.DB.newSQLException(DB.java:1024)
	at org.sqlite.core.DB.throwex(DB.java:989)
	at org.sqlite.core.NativeDB.prepare_utf8(Native Method)
	at org.sqlite.core.NativeDB.prepare(NativeDB.java:134)
	at org.sqlite.core.DB.prepare(DB.java:257)
	at org.sqlite.jdbc3.JDBC3Statement.executeQuery(JDBC3Statement.java:66)
	at banking.CustomerAccountDatabase.sendQueryToSQLiteDatabase(CustomerAccountDatabase.java:35)
	at banking.CustomerAccountDatabase.loadCustomerAccountList(CustomerAccountDatabase.java:51)
	at banking.CustomerAccountDatabase.<init>(CustomerAccountDatabase.java:26)
	at banking.BankingSystemMenu.<init>(BankingSystemMenu.java:19)
	at banking.Main.main(Main.java:7)
	at java.base/jdk.internal.reflect.NativeMethodAccessorImpl.invoke0(Native Method)
	at java.base/jdk.internal.reflect.NativeMethodAccessorImpl.invoke(NativeMethodAccessorImpl.java:77)
	at java.base/jdk.internal.reflect.DelegatingMethodAccessorImpl.invoke(DelegatingMethodAccessorImpl.java:43)
	at java.base/java.lang.reflect.Method.invoke(Method.java:568)
	at org.hyperskill.hstest.testing.execution.MainMethodExecutor.invokeMain(MainMethodExecutor.java:172)
	at org.hyperskill.hstest.testing.execution.MainMethodExecutor.lambda$launch$0(MainMethodExecutor.java:199)
	at java.base/java.util.concurrent.Executors$RunnableAdapter.call(Executors.java:539)
	at java.base/java.util.concurrent.FutureTask.run(FutureTask.java:264)
	at java.base/java.util.concurrent.ThreadPoolExecutor.runWorker(ThreadPoolExecutor.java:1136)
	at java.base/java.util.concurrent.ThreadPoolExecutor$Worker.run(ThreadPoolExecutor.java:635)
	at java.base/java.lang.Thread.run(Thread.java:833)
java.sql.SQLException: query does not return ResultSet
	at org.sqlite.jdbc3.JDBC3Statement.executeQuery(JDBC3Statement.java:70)
	at banking.CustomerAccountDatabase.sendQueryToSQLiteDatabase(CustomerAccountDatabase.java:35)
	at banking.CustomerAccountDatabase.addNewCustomerAccount(CustomerAccountDatabase.java:83)
	at banking.BankingSystemMenu.createAccount(BankingSystemMenu.java:60)
	at banking.BankingSystemMenu.runUserOption(BankingSystemMenu.java:38)
	at banking.BankingSystemMenu.printMainMenu(BankingSystemMenu.java:28)
	at banking.BankingSystemMenu.<init>(BankingSystemMenu.java:20)
	at banking.Main.main(Main.java:7)
	at java.base/jdk.internal.reflect.NativeMethodAccessorImpl.invoke0(Native Method)
	at java.base/jdk.internal.reflect.NativeMethodAccessorImpl.invoke(NativeMethodAccessorImpl.java:77)
	at java.base/jdk.internal.reflect.DelegatingMethodAccessorImpl.invoke(DelegatingMethodAccessorImpl.java:43)
	at java.base/java.lang.reflect.Method.invoke(Method.java:568)
	at org.hyperskill.hstest.testing.execution.MainMethodExecutor.invokeMain(MainMethodExecutor.java:172)
	at org.hyperskill.hstest.testing.execution.MainMethodExecutor.lambda$launch$0(MainMethodExecutor.java:199)
	at java.base/java.util.concurrent.Executors$RunnableAdapter.call(Executors.java:539)
	at java.base/java.util.concurrent.FutureTask.run(FutureTask.java:264)
	at java.base/java.util.concurrent.ThreadPoolExecutor.runWorker(ThreadPoolExecutor.java:1136)
	at java.base/java.util.concurrent.ThreadPoolExecutor$Worker.run(ThreadPoolExecutor.java:635)
	at java.base/java.lang.Thread.run(Thread.java:833)
org.sqlite.SQLiteException: [SQLITE_ERROR] SQL error or missing database (table card already exists)
	at org.sqlite.core.DB.newSQLException(DB.java:1012)
	at org.sqlite.core.DB.newSQLException(DB.java:1024)
	at org.sqlite.core.DB.throwex(DB.java:989)
	at org.sqlite.core.NativeDB.prepare_utf8(Native Method)
	at org.sqlite.core.NativeDB.prepare(NativeDB.java:134)
	at org.sqlite.core.DB.prepare(DB.java:257)
	at org.sqlite.jdbc3.JDBC3Statement.executeQuery(JDBC3Statement.java:66)
	at banking.CustomerAccountDatabase.sendQueryToSQLiteDatabase(CustomerAccountDatabase.java:35)
	at banking.CustomerAccountDatabase.initSQLiteDatabase(CustomerAccountDatabase.java:46)
	at banking.CustomerAccountDatabase.<init>(CustomerAccountDatabase.java:25)
	at banking.BankingSystemMenu.<init>(BankingSystemMenu.java:19)
	at banking.Main.main(Main.java:7)
	at java.base/jdk.internal.reflect.NativeMethodAccessorImpl.invoke0(Native Method)
	at java.base/jdk.internal.reflect.NativeMethodAccessorImpl.invoke(NativeMethodAccessorImpl.java:77)
	at java.base/jdk.internal.reflect.DelegatingMethodAccessorImpl.invoke(DelegatingMethodAccessorImpl.java:43)
	at java.base/java.lang.reflect.Method.invoke(Method.java:568)
	at org.hyperskill.hstest.testing.execution.MainMethodExecutor.invokeMain(MainMethodExecutor.java:172)
	at org.hyperskill.hstest.testing.execution.MainMethodExecutor.lambda$launch$0(MainMethodExecutor.java:199)
	at java.base/java.util.concurrent.Executors$RunnableAdapter.call(Executors.java:539)
	at java.base/java.util.concurrent.FutureTask.run(FutureTask.java:264)
	at java.base/java.util.concurrent.ThreadPoolExecutor.runWorker(ThreadPoolExecutor.java:1136)
	at java.base/java.util.concurrent.ThreadPoolExecutor$Worker.run(ThreadPoolExecutor.java:635)
	at java.base/java.lang.Thread.run(Thread.java:833)
org.sqlite.SQLiteException: [SQLITE_ERROR] SQL error or missing database (no such table: cards)
	at org.sqlite.core.DB.newSQLException(DB.java:1012)
	at org.sqlite.core.DB.newSQLException(DB.java:1024)
	at org.sqlite.core.DB.throwex(DB.java:989)
	at org.sqlite.core.NativeDB.prepare_utf8(Native Method)
	at org.sqlite.core.NativeDB.prepare(NativeDB.java:134)
	at org.sqlite.core.DB.prepare(DB.java:257)
	at org.sqlite.jdbc3.JDBC3Statement.executeQuery(JDBC3Statement.java:66)
	at banking.CustomerAccountDatabase.sendQueryToSQLiteDatabase(CustomerAccountDatabase.java:35)
	at banking.CustomerAccountDatabase.loadCustomerAccountList(CustomerAccountDatabase.java:51)
	at banking.CustomerAccountDatabase.<init>(CustomerAccountDatabase.java:26)
	at banking.BankingSystemMenu.<init>(BankingSystemMenu.java:19)
	at banking.Main.main(Main.java:7)
	at java.base/jdk.internal.reflect.NativeMethodAccessorImpl.invoke0(Native Method)
	at java.base/jdk.internal.reflect.NativeMethodAccessorImpl.invoke(NativeMethodAccessorImpl.java:77)
	at java.base/jdk.internal.reflect.DelegatingMethodAccessorImpl.invoke(DelegatingMethodAccessorImpl.java:43)
	at java.base/java.lang.reflect.Method.invoke(Method.java:568)
	at org.hyperskill.hstest.testing.execution.MainMethodExecutor.invokeMain(MainMethodExecutor.java:172)
	at org.hyperskill.hstest.testing.execution.MainMethodExecutor.lambda$launch$0(MainMethodExecutor.java:199)
	at java.base/java.util.concurrent.Executors$RunnableAdapter.call(Executors.java:539)
	at java.base/java.util.concurrent.FutureTask.run(FutureTask.java:264)
	at java.base/java.util.concurrent.ThreadPoolExecutor.runWorker(ThreadPoolExecutor.java:1136)
	at java.base/java.util.concurrent.ThreadPoolExecutor$Worker.run(ThreadPoolExecutor.java:635)
	at java.base/java.lang.Thread.run(Thread.java:833)
java.sql.SQLException: query does not return ResultSet
	at org.sqlite.jdbc3.JDBC3Statement.executeQuery(JDBC3Statement.java:70)
	at banking.CustomerAccountDatabase.sendQueryToSQLiteDatabase(CustomerAccountDatabase.java:35)
	at banking.CustomerAccountDatabase.addNewCustomerAccount(CustomerAccountDatabase.java:83)
	at banking.BankingSystemMenu.createAccount(BankingSystemMenu.java:60)
	at banking.BankingSystemMenu.runUserOption(BankingSystemMenu.java:38)
	at banking.BankingSystemMenu.printMainMenu(BankingSystemMenu.java:28)
	at banking.BankingSystemMenu.<init>(BankingSystemMenu.java:20)
	at banking.Main.main(Main.java:7)
	at java.base/jdk.internal.reflect.NativeMethodAccessorImpl.invoke0(Native Method)
	at java.base/jdk.internal.reflect.NativeMethodAccessorImpl.invoke(NativeMethodAccessorImpl.java:77)
	at java.base/jdk.internal.reflect.DelegatingMethodAccessorImpl.invoke(DelegatingMethodAccessorImpl.java:43)
	at java.base/java.lang.reflect.Method.invoke(Method.java:568)
	at org.hyperskill.hstest.testing.execution.MainMethodExecutor.invokeMain(MainMethodExecutor.java:172)
	at org.hyperskill.hstest.testing.execution.MainMethodExecutor.lambda$launch$0(MainMethodExecutor.java:199)
	at java.base/java.util.concurrent.Executors$RunnableAdapter.call(Executors.java:539)
	at java.base/java.util.concurrent.FutureTask.run(FutureTask.java:264)
	at java.base/java.util.concurrent.ThreadPoolExecutor.runWorker(ThreadPoolExecutor.java:1136)
	at java.base/java.util.concurrent.ThreadPoolExecutor$Worker.run(ThreadPoolExecutor.java:635)
	at java.base/java.lang.Thread.run(Thread.java:833)
org.sqlite.SQLiteException: [SQLITE_ERROR] SQL error or missing database (table card already exists)
	at org.sqlite.core.DB.newSQLException(DB.java:1012)
	at org.sqlite.core.DB.newSQLException(DB.java:1024)
	at org.sqlite.core.DB.throwex(DB.java:989)
	at org.sqlite.core.NativeDB.prepare_utf8(Native Method)
	at org.sqlite.core.NativeDB.prepare(NativeDB.java:134)
	at org.sqlite.core.DB.prepare(DB.java:257)
	at org.sqlite.jdbc3.JDBC3Statement.executeQuery(JDBC3Statement.java:66)
	at banking.CustomerAccountDatabase.sendQueryToSQLiteDatabase(CustomerAccountDatabase.java:35)
	at banking.CustomerAccountDatabase.initSQLiteDatabase(CustomerAccountDatabase.java:46)
	at banking.CustomerAccountDatabase.<init>(CustomerAccountDatabase.java:25)
	at banking.BankingSystemMenu.<init>(BankingSystemMenu.java:19)
	at banking.Main.main(Main.java:7)
	at java.base/jdk.internal.reflect.NativeMethodAccessorImpl.invoke0(Native Method)
	at java.base/jdk.internal.reflect.NativeMethodAccessorImpl.invoke(NativeMethodAccessorImpl.java:77)
	at java.base/jdk.internal.reflect.DelegatingMethodAccessorImpl.invoke(DelegatingMethodAccessorImpl.java:43)
	at java.base/java.lang.reflect.Method.invoke(Method.java:568)
	at org.hyperskill.hstest.testing.execution.MainMethodExecutor.invokeMain(MainMethodExecutor.java:172)
	at org.hyperskill.hstest.testing.execution.MainMethodExecutor.lambda$launch$0(MainMethodExecutor.java:199)
	at java.base/java.util.concurrent.Executors$RunnableAdapter.call(Executors.java:539)
	at java.base/java.util.concurrent.FutureTask.run(FutureTask.java:264)
	at java.base/java.util.concurrent.ThreadPoolExecutor.runWorker(ThreadPoolExecutor.java:1136)
	at java.base/java.util.concurrent.ThreadPoolExecutor$Worker.run(ThreadPoolExecutor.java:635)
	at java.base/java.lang.Thread.run(Thread.java:833)
org.sqlite.SQLiteException: [SQLITE_ERROR] SQL error or missing database (no such table: cards)
	at org.sqlite.core.DB.newSQLException(DB.java:1012)
	at org.sqlite.core.DB.newSQLException(DB.java:1024)
	at org.sqlite.core.DB.throwex(DB.java:989)
	at org.sqlite.core.NativeDB.prepare_utf8(Native Method)
	at org.sqlite.core.NativeDB.prepare(NativeDB.java:134)
	at org.sqlite.core.DB.prepare(DB.java:257)
	at org.sqlite.jdbc3.JDBC3Statement.executeQuery(JDBC3Statement.java:66)
	at banking.CustomerAccountDatabase.sendQueryToSQLiteDatabase(CustomerAccountDatabase.java:35)
	at banking.CustomerAccountDatabase.loadCustomerAccountList(CustomerAccountDatabase.java:51)
	at banking.CustomerAccountDatabase.<init>(CustomerAccountDatabase.java:26)
	at banking.BankingSystemMenu.<init>(BankingSystemMenu.java:19)
	at banking.Main.main(Main.java:7)
	at java.base/jdk.internal.reflect.NativeMethodAccessorImpl.invoke0(Native Method)
	at java.base/jdk.internal.reflect.NativeMethodAccessorImpl.invoke(NativeMethodAccessorImpl.java:77)
	at java.base/jdk.internal.reflect.DelegatingMethodAccessorImpl.invoke(DelegatingMethodAccessorImpl.java:43)
	at java.base/java.lang.reflect.Method.invoke(Method.java:568)
	at org.hyperskill.hstest.testing.execution.MainMethodExecutor.invokeMain(MainMethodExecutor.java:172)
	at org.hyperskill.hstest.testing.execution.MainMethodExecutor.lambda$launch$0(MainMethodExecutor.java:199)
	at java.base/java.util.concurrent.Executors$RunnableAdapter.call(Executors.java:539)
	at java.base/java.util.concurrent.FutureTask.run(FutureTask.java:264)
	at java.base/java.util.concurrent.ThreadPoolExecutor.runWorker(ThreadPoolExecutor.java:1136)
	at java.base/java.util.concurrent.ThreadPoolExecutor$Worker.run(ThreadPoolExecutor.java:635)
	at java.base/java.lang.Thread.run(Thread.java:833)
java.sql.SQLException: query does not return ResultSet
	at org.sqlite.jdbc3.JDBC3Statement.executeQuery(JDBC3Statement.java:70)
	at banking.CustomerAccountDatabase.sendQueryToSQLiteDatabase(CustomerAccountDatabase.java:35)
	at banking.CustomerAccountDatabase.addNewCustomerAccount(CustomerAccountDatabase.java:83)
	at banking.BankingSystemMenu.createAccount(BankingSystemMenu.java:60)
	at banking.BankingSystemMenu.runUserOption(BankingSystemMenu.java:38)
	at banking.BankingSystemMenu.printMainMenu(BankingSystemMenu.java:28)
	at banking.BankingSystemMenu.<init>(BankingSystemMenu.java:20)
	at banking.Main.main(Main.java:7)
	at java.base/jdk.internal.reflect.NativeMethodAccessorImpl.invoke0(Native Method)
	at java.base/jdk.internal.reflect.NativeMethodAccessorImpl.invoke(NativeMethodAccessorImpl.java:77)
	at java.base/jdk.internal.reflect.DelegatingMethodAccessorImpl.invoke(DelegatingMethodAccessorImpl.java:43)
	at java.base/java.lang.reflect.Method.invoke(Method.java:568)
	at org.hyperskill.hstest.testing.execution.MainMethodExecutor.invokeMain(MainMethodExecutor.java:172)
	at org.hyperskill.hstest.testing.execution.MainMethodExecutor.lambda$launch$0(MainMethodExecutor.java:199)
	at java.base/java.util.concurrent.Executors$RunnableAdapter.call(Executors.java:539)
	at java.base/java.util.concurrent.FutureTask.run(FutureTask.java:264)
	at java.base/java.util.concurrent.ThreadPoolExecutor.runWorker(ThreadPoolExecutor.java:1136)
	at java.base/java.util.concurrent.ThreadPoolExecutor$Worker.run(ThreadPoolExecutor.java:635)
	at java.base/java.lang.Thread.run(Thread.java:833)
org.sqlite.SQLiteException: [SQLITE_ERROR] SQL error or missing database (table card already exists)
	at org.sqlite.core.DB.newSQLException(DB.java:1012)
	at org.sqlite.core.DB.newSQLException(DB.java:1024)
	at org.sqlite.core.DB.throwex(DB.java:989)
	at org.sqlite.core.NativeDB.prepare_utf8(Native Method)
	at org.sqlite.core.NativeDB.prepare(NativeDB.java:134)
	at org.sqlite.core.DB.prepare(DB.java:257)
	at org.sqlite.jdbc3.JDBC3Statement.executeQuery(JDBC3Statement.java:66)
	at banking.CustomerAccountDatabase.sendQueryToSQLiteDatabase(CustomerAccountDatabase.java:35)
	at banking.CustomerAccountDatabase.initSQLiteDatabase(CustomerAccountDatabase.java:46)
	at banking.CustomerAccountDatabase.<init>(CustomerAccountDatabase.java:25)
	at banking.BankingSystemMenu.<init>(BankingSystemMenu.java:19)
	at banking.Main.main(Main.java:7)
	at java.base/jdk.internal.reflect.NativeMethodAccessorImpl.invoke0(Native Method)
	at java.base/jdk.internal.reflect.NativeMethodAccessorImpl.invoke(NativeMethodAccessorImpl.java:77)
	at java.base/jdk.internal.reflect.DelegatingMethodAccessorImpl.invoke(DelegatingMethodAccessorImpl.java:43)
	at java.base/java.lang.reflect.Method.invoke(Method.java:568)
	at org.hyperskill.hstest.testing.execution.MainMethodExecutor.invokeMain(MainMethodExecutor.java:172)
	at org.hyperskill.hstest.testing.execution.MainMethodExecutor.lambda$launch$0(MainMethodExecutor.java:199)
	at java.base/java.util.concurrent.Executors$RunnableAdapter.call(Executors.java:539)
	at java.base/java.util.concurrent.FutureTask.run(FutureTask.java:264)
	at java.base/java.util.concurrent.ThreadPoolExecutor.runWorker(ThreadPoolExecutor.java:1136)
	at java.base/java.util.concurrent.ThreadPoolExecutor$Worker.run(ThreadPoolExecutor.java:635)
	at java.base/java.lang.Thread.run(Thread.java:833)
org.sqlite.SQLiteException: [SQLITE_ERROR] SQL error or missing database (no such table: cards)
	at org.sqlite.core.DB.newSQLException(DB.java:1012)
	at org.sqlite.core.DB.newSQLException(DB.java:1024)
	at org.sqlite.core.DB.throwex(DB.java:989)
	at org.sqlite.core.NativeDB.prepare_utf8(Native Method)
	at org.sqlite.core.NativeDB.prepare(NativeDB.java:134)
	at org.sqlite.core.DB.prepare(DB.java:257)
	at org.sqlite.jdbc3.JDBC3Statement.executeQuery(JDBC3Statement.java:66)
	at banking.CustomerAccountDatabase.sendQueryToSQLiteDatabase(CustomerAccountDatabase.java:35)
	at banking.CustomerAccountDatabase.loadCustomerAccountList(CustomerAccountDatabase.java:51)
	at banking.CustomerAccountDatabase.<init>(CustomerAccountDatabase.java:26)
	at banking.BankingSystemMenu.<init>(BankingSystemMenu.java:19)
	at banking.Main.main(Main.java:7)
	at java.base/jdk.internal.reflect.NativeMethodAccessorImpl.invoke0(Native Method)
	at java.base/jdk.internal.reflect.NativeMethodAccessorImpl.invoke(NativeMethodAccessorImpl.java:77)
	at java.base/jdk.internal.reflect.DelegatingMethodAccessorImpl.invoke(DelegatingMethodAccessorImpl.java:43)
	at java.base/java.lang.reflect.Method.invoke(Method.java:568)
	at org.hyperskill.hstest.testing.execution.MainMethodExecutor.invokeMain(MainMethodExecutor.java:172)
	at org.hyperskill.hstest.testing.execution.MainMethodExecutor.lambda$launch$0(MainMethodExecutor.java:199)
	at java.base/java.util.concurrent.Executors$RunnableAdapter.call(Executors.java:539)
	at java.base/java.util.concurrent.FutureTask.run(FutureTask.java:264)
	at java.base/java.util.concurrent.ThreadPoolExecutor.runWorker(ThreadPoolExecutor.java:1136)
	at java.base/java.util.concurrent.ThreadPoolExecutor$Worker.run(ThreadPoolExecutor.java:635)
	at java.base/java.lang.Thread.run(Thread.java:833)
java.sql.SQLException: query does not return ResultSet
	at org.sqlite.jdbc3.JDBC3Statement.executeQuery(JDBC3Statement.java:70)
	at banking.CustomerAccountDatabase.sendQueryToSQLiteDatabase(CustomerAccountDatabase.java:35)
	at banking.CustomerAccountDatabase.addNewCustomerAccount(CustomerAccountDatabase.java:83)
	at banking.BankingSystemMenu.createAccount(BankingSystemMenu.java:60)
	at banking.BankingSystemMenu.runUserOption(BankingSystemMenu.java:38)
	at banking.BankingSystemMenu.printMainMenu(BankingSystemMenu.java:28)
	at banking.BankingSystemMenu.<init>(BankingSystemMenu.java:20)
	at banking.Main.main(Main.java:7)
	at java.base/jdk.internal.reflect.NativeMethodAccessorImpl.invoke0(Native Method)
	at java.base/jdk.internal.reflect.NativeMethodAccessorImpl.invoke(NativeMethodAccessorImpl.java:77)
	at java.base/jdk.internal.reflect.DelegatingMethodAccessorImpl.invoke(DelegatingMethodAccessorImpl.java:43)
	at java.base/java.lang.reflect.Method.invoke(Method.java:568)
	at org.hyperskill.hstest.testing.execution.MainMethodExecutor.invokeMain(MainMethodExecutor.java:172)
	at org.hyperskill.hstest.testing.execution.MainMethodExecutor.lambda$launch$0(MainMethodExecutor.java:199)
	at java.base/java.util.concurrent.Executors$RunnableAdapter.call(Executors.java:539)
	at java.base/java.util.concurrent.FutureTask.run(FutureTask.java:264)
	at java.base/java.util.concurrent.ThreadPoolExecutor.runWorker(ThreadPoolExecutor.java:1136)
	at java.base/java.util.concurrent.ThreadPoolExecutor$Worker.run(ThreadPoolExecutor.java:635)
	at java.base/java.lang.Thread.run(Thread.java:833)
java.sql.SQLException: query does not return ResultSet
	at org.sqlite.jdbc3.JDBC3Statement.executeQuery(JDBC3Statement.java:70)
	at banking.CustomerAccountDatabase.sendQueryToSQLiteDatabase(CustomerAccountDatabase.java:35)
	at banking.CustomerAccountDatabase.addIncomeToCustomerAccountBalance(CustomerAccountDatabase.java:116)
	at banking.CustomerAccountMenu.addIncome(CustomerAccountMenu.java:76)
	at banking.CustomerAccountMenu.runUserOption(CustomerAccountMenu.java:44)
	at banking.CustomerAccountMenu.runUserAccount(CustomerAccountMenu.java:22)
	at banking.CustomerAccountDatabase.loginCustomerAccount(CustomerAccountDatabase.java:100)
	at banking.BankingSystemMenu.logIntoAccount(BankingSystemMenu.java:77)
	at banking.BankingSystemMenu.runUserOption(BankingSystemMenu.java:41)
	at banking.BankingSystemMenu.printMainMenu(BankingSystemMenu.java:28)
	at banking.BankingSystemMenu.createAccount(BankingSystemMenu.java:68)
	at banking.BankingSystemMenu.runUserOption(BankingSystemMenu.java:38)
	at banking.BankingSystemMenu.printMainMenu(BankingSystemMenu.java:28)
	at banking.BankingSystemMenu.<init>(BankingSystemMenu.java:20)
	at banking.Main.main(Main.java:7)
	at java.base/jdk.internal.reflect.NativeMethodAccessorImpl.invoke0(Native Method)
	at java.base/jdk.internal.reflect.NativeMethodAccessorImpl.invoke(NativeMethodAccessorImpl.java:77)
	at java.base/jdk.internal.reflect.DelegatingMethodAccessorImpl.invoke(DelegatingMethodAccessorImpl.java:43)
	at java.base/java.lang.reflect.Method.invoke(Method.java:568)
	at org.hyperskill.hstest.testing.execution.MainMethodExecutor.invokeMain(MainMethodExecutor.java:172)
	at org.hyperskill.hstest.testing.execution.MainMethodExecutor.lambda$launch$0(MainMethodExecutor.java:199)
	at java.base/java.util.concurrent.Executors$RunnableAdapter.call(Executors.java:539)
	at java.base/java.util.concurrent.FutureTask.run(FutureTask.java:264)
	at java.base/java.util.concurrent.ThreadPoolExecutor.runWorker(ThreadPoolExecutor.java:1136)
	at java.base/java.util.concurrent.ThreadPoolExecutor$Worker.run(ThreadPoolExecutor.java:635)
	at java.base/java.lang.Thread.run(Thread.java:833)
org.sqlite.SQLiteException: [SQLITE_ERROR] SQL error or missing database (table card already exists)
	at org.sqlite.core.DB.newSQLException(DB.java:1012)
	at org.sqlite.core.DB.newSQLException(DB.java:1024)
	at org.sqlite.core.DB.throwex(DB.java:989)
	at org.sqlite.core.NativeDB.prepare_utf8(Native Method)
	at org.sqlite.core.NativeDB.prepare(NativeDB.java:134)
	at org.sqlite.core.DB.prepare(DB.java:257)
	at org.sqlite.jdbc3.JDBC3Statement.executeQuery(JDBC3Statement.java:66)
	at banking.CustomerAccountDatabase.sendQueryToSQLiteDatabase(CustomerAccountDatabase.java:35)
	at banking.CustomerAccountDatabase.initSQLiteDatabase(CustomerAccountDatabase.java:46)
	at banking.CustomerAccountDatabase.<init>(CustomerAccountDatabase.java:25)
	at banking.BankingSystemMenu.<init>(BankingSystemMenu.java:19)
	at banking.Main.main(Main.java:7)
	at java.base/jdk.internal.reflect.NativeMethodAccessorImpl.invoke0(Native Method)
	at java.base/jdk.internal.reflect.NativeMethodAccessorImpl.invoke(NativeMethodAccessorImpl.java:77)
	at java.base/jdk.internal.reflect.DelegatingMethodAccessorImpl.invoke(DelegatingMethodAccessorImpl.java:43)
	at java.base/java.lang.reflect.Method.invoke(Method.java:568)
	at org.hyperskill.hstest.testing.execution.MainMethodExecutor.invokeMain(MainMethodExecutor.java:172)
	at org.hyperskill.hstest.testing.execution.MainMethodExecutor.lambda$launch$0(MainMethodExecutor.java:199)
	at java.base/java.util.concurrent.Executors$RunnableAdapter.call(Executors.java:539)
	at java.base/java.util.concurrent.FutureTask.run(FutureTask.java:264)
	at java.base/java.util.concurrent.ThreadPoolExecutor.runWorker(ThreadPoolExecutor.java:1136)
	at java.base/java.util.concurrent.ThreadPoolExecutor$Worker.run(ThreadPoolExecutor.java:635)
	at java.base/java.lang.Thread.run(Thread.java:833)
org.sqlite.SQLiteException: [SQLITE_ERROR] SQL error or missing database (no such table: cards)
	at org.sqlite.core.DB.newSQLException(DB.java:1012)
	at org.sqlite.core.DB.newSQLException(DB.java:1024)
	at org.sqlite.core.DB.throwex(DB.java:989)
	at org.sqlite.core.NativeDB.prepare_utf8(Native Method)
	at org.sqlite.core.NativeDB.prepare(NativeDB.java:134)
	at org.sqlite.core.DB.prepare(DB.java:257)
	at org.sqlite.jdbc3.JDBC3Statement.executeQuery(JDBC3Statement.java:66)
	at banking.CustomerAccountDatabase.sendQueryToSQLiteDatabase(CustomerAccountDatabase.java:35)
	at banking.CustomerAccountDatabase.loadCustomerAccountList(CustomerAccountDatabase.java:51)
	at banking.CustomerAccountDatabase.<init>(CustomerAccountDatabase.java:26)
	at banking.BankingSystemMenu.<init>(BankingSystemMenu.java:19)
	at banking.Main.main(Main.java:7)
	at java.base/jdk.internal.reflect.NativeMethodAccessorImpl.invoke0(Native Method)
	at java.base/jdk.internal.reflect.NativeMethodAccessorImpl.invoke(NativeMethodAccessorImpl.java:77)
	at java.base/jdk.internal.reflect.DelegatingMethodAccessorImpl.invoke(DelegatingMethodAccessorImpl.java:43)
	at java.base/java.lang.reflect.Method.invoke(Method.java:568)
	at org.hyperskill.hstest.testing.execution.MainMethodExecutor.invokeMain(MainMethodExecutor.java:172)
	at org.hyperskill.hstest.testing.execution.MainMethodExecutor.lambda$launch$0(MainMethodExecutor.java:199)
	at java.base/java.util.concurrent.Executors$RunnableAdapter.call(Executors.java:539)
	at java.base/java.util.concurrent.FutureTask.run(FutureTask.java:264)
	at java.base/java.util.concurrent.ThreadPoolExecutor.runWorker(ThreadPoolExecutor.java:1136)
	at java.base/java.util.concurrent.ThreadPoolExecutor$Worker.run(ThreadPoolExecutor.java:635)
	at java.base/java.lang.Thread.run(Thread.java:833)
]]></system-err>
</testsuite>
